 793/32/B5 A1:B6:32.C09        ed(fd=0003,addr=0000,count=0001)
 793/32/B5 A1:B6:32.C09        ed(fd=0003,addr=0000,count=0001)
 793/32/B5 A1:B6:32.C09        ed(fd=0003,addr=0000,count=0001)
 793/32/B5 A1:B6:32.C09        ed(fd=0003,addr=0000,count=0001)
 793/32/B5 A1:B6:32.C09        ed(fd=0003,addr=0000,count=0001)
 793/32/B5 A1:B6:32.C09        ed(fd=0003,addr=0000,count=0001)
 793/32/B5 A1:B6:32.C09        ed(fd=0003,addr=0000,count=0001)
 793/32/B5 A1:B6:32.C09        ed(fd=0003,addr=0000,count=0001)
 793/32/B5 A1:B6:32.C09        ed(fd=0003,addr=0000,count=0001)
 793/32/B5 A1:B6:32.C09        ed(fd=0003,addr=0000,count=0001)
 793/32/B5 A1:B6:32.C09        ed(fd=0003,addr=0000,count=0001)
 793/32/B5 A1:B6:32.C09        ed(fd=0003,addr=0000,count=0001)
 793/32/B5 A1:B6:32.C09        ed(fd=0003,addr=0000,count=0001)
 793/32/B5 A1:B6:32.C09        ed(fd=0003,addr=0000,count=0001)
 793/32/B5 A1:B6:32.C09        ed(fd=0003,addr=0000,count=0001)
 793/32/B5 A1:B6:32.C09        ed(fd=0003,addr=0000,count=0001)
 793/32/B5 A1:B6:32.C09        ed(fd=0003,addr=0000,count=0001)
 793/32/B5 A1:B6:32.C09        ed(fd=0003,addr=0000,count=0001)
 793/32/B5 A1:B6:32.C09        ed(fd=0003,addr=0000,count=0001)
 793/32/B5 A1:B6:32.C09        ed(fd=0003,addr=0000,count=0001)
 793/32/B5 A1:B6:32.C09        ed(fd=0003,addr=0000,count=0001)
 793/32/B5 A1:B6:32.C09        ed(fd=0003,addr=0000,count=0001)
 793/32/B5 A1:B6:32.C09        ed(fd=0003,addr=0000,count=0001)
 793/32/B5 A1:B6:32.C09        ed(fd=0003,addr=0000,count=0001)
 793/32/B5 A1:B6:32.C09        ed(fd=0003,addr=0000,count=0001)
 793/32/B5 A1:B6:32.C09        ed(fd=0003,addr=0000,count=0001)
 793/32/B5 A1:B6:32.C09        ed(fd=0003,addr=0000,count=0001)
 793/32/B5 A1:B6:32.C09        ed(fd=0003,addr=0000,count=0001)
2020/01/02 15:22:56.471        Data:
 793/32/B5 A1:B6:32.C09        ed(fd=0003,addr=0000,count=0001)
 793/32/B5 A1:B6:32.C09        ed(fd=0003,addr=0000,count=0001)
 793/32/B5 A1:B6:32.C09        ed(fd=0003,addr=0000,count=0001)
 793/32/B5 A1:B6:32.C09        ed(fd=0003,addr=0000,count=0001)
 793/32/B5 A1:B6:32.C09        ed(fd=0003,addr=0000,count=0001)
 793/32/B5 A1:B6:32.C09        ed(fd=0003,addr=0000,count=0001)
 793/32/B5 A1:B6:32.C09        ed(fd=0003,addr=0000,count=0001)
 793/32/B5 A1:B6:32.C09        ed(fd=0003,addr=0000,count=0001)
 793/32/B5 A1:B6:32.C09        ed(fd=0003,addr=0000,count=0001)
 793/32/B5 A1:B6:32.C09        ed(fd=0003,addr=0000,count=0001)
 793/32/B5 A1:B6:32.C09        ed(fd=0003,addr=0000,count=0001)
 793/32/B5 A1:B6:32.C09        ed(fd=0003,addr=0000,count=0001)
 793/32/B5 A1:B6:32.C09        ed(fd=0003,addr=0000,count=0001)
 793/32/B5 A1:B6:32.C09        ed(fd=0003,addr=0000,count=0001)
 793/32/B5 A1:B6:32.C09        ed(fd=0003,addr=0000,count=0001)
 793/32/B5 A1:B6:32.C09        ed(fd=0003,addr=0000,count=0001)
 793/32/B5 A1:B6:32.C09        ed(fd=0003,addr=0000,count=0001)
 793/32/B5 A1:B6:32.C09        ed(fd=0003,addr=0000,count=0001)
 793/32/B5 A1:B6:32.C09        ed(fd=0003,addr=0000,count=0001)
 793/32/B5 A1:B6:32.C09        ed(fd=0003,addr=0000,count=0001)
 793/32/B5 A1:B6:32.C09        ed(fd=0003,addr=0000,count=0001)
 793/32/B5 A1:B6:32.C09        ed(fd=0003,addr=0000,count=0001)
 793/32/B5 A1:B6:32.C09        ed(fd=0003,addr=0000,count=0001)
 793/32/B5 A1:B6:32.C09        ed(fd=0003,addr=0000,count=0001)
 793/32/B5 A1:B6:32.C09        ed(fd=0003,addr=0000,count=0001)
 793/32/B5 A1:B6:32.C09        ed(fd=0003,addr=0000,count=0001)
 793/32/B5 A1:B6:32.C09        ed(fd=0003,addr=0000,count=0001)
 793/32/B5 A1:B6:32.C09        ed(fd=0003,addr=0000,count=0001)
 793/32/B5 A1:B6:32.C09        ed(fd=0003,addr=0000,count=0001)
 793/32/B5 A1:B6:32.C09        ed(fd=0003,addr=0000,count=0001)
 793/32/B5 A1:B6:32.C09        ed(fd=0003,addr=0000,count=0001)
 793/32/B5 A1:B6:32.C09        ed(fd=0003,addr=0000,count=0001)
 793/32/B5 A1:B6:32.C09        ed(fd=0003,addr=0000,count=0001)
 793/32/B5 A1:B6:32.C09        ed(fd=0003,addr=0000,count=0001)
 793/32/B5 A1:B6:32.C09        ed(fd=0003,addr=0000,count=0001)
 793/32/B5 A1:B6:32.C09        ed(fd=0003,addr=0000,count=0001)
 793/32/B5 A1:B6:32.C09        ed(fd=0003,addr=0000,count=0001)
 793/32/B5 A1:B6:32.C09        ed(fd=0003,addr=0000,count=0001)
 793/32/B5 A1:B6:32.C09        ed(fd=0003,addr=0000,count=0001)
 793/32/B5 A1:B6:32.C09        ed(fd=0003,addr=0000,count=0001)
 793/32/B5 A1:B6:32.C09        ed(fd=0003,addr=0000,count=0001)
 793/32/B5 A1:B6:32.C09        ed(fd=0003,addr=0000,count=0001)
 793/32/B5 A1:B6:32.C09        ed(fd=0003,addr=0000,count=0001)
 793/32/B5 A1:B6:32.C09        ed(fd=0003,addr=0000,count=0001)
 793/32/B5 A1:B6:32.C09        ed(fd=0003,addr=0000,count=0001)
 793/32/B5 A1:B6:32.C09        ed(fd=0003,addr=0000,count=0001)
 793/32/B5 A1:B6:32.C09        ed(fd=0003,addr=0000,count=0001)
 793/32/B5 A1:B6:32.C09        ed(fd=0003,addr=0000,count=0001)
 793/32/B5 A1:B6:32.C09        ed(fd=0003,addr=0000,count=0001)
 793/32/B5 A1:B6:32.C09        ed(fd=0003,addr=0000,count=0001)
 793/32/B5 A1:B6:32.C09        ed(fd=0003,addr=0000,count=0001)
 793/32/B5 A1:B6:32.C09        ed(fd=0003,addr=0000,count=0001)
 793/32/B5 A1:B6:32.C09        ed(fd=0003,addr=0000,count=0001)
 793/32/B5 A1:B6:32.C09        ed(fd=0003,addr=0000,count=0001)
 793/32/B5 A1:B6:32.C09        ed(fd=0003,addr=0000,count=0001)
 793/32/B5 A1:B6:32.C09        ed(fd=0003,addr=0000,count=0001)
 793/32/B5 A1:B6:32.C09        ed(fd=0003,addr=0000,count=0001)
 793/32/B5 A1:B6:32.C09        ed(fd=0003,addr=0000,count=0001)
 793/32/B5 A1:B6:32.C09        ed(fd=0003,addr=0000,count=0001)
 793/32/B5 A1:B6:32.C09        ed(fd=0003,addr=0000,count=0001)
 793/32/B5 A1:B6:32.C09        ed(fd=0003,addr=0000,count=0001)
 793/32/B5 A1:B6:32.C09        ed(fd=0003,addr=0000,count=0001)
 793/32/B5 A1:B6:32.C09        ed(fd=0003,addr=0000,count=0001)
 793/32/B5 A1:B6:32.C09        ed(fd=0003,addr=0000,count=0001)
 793/32/B5 A1:B6:32.C09        ed(fd=0003,addr=0000,count=0001)
 793/32/B5 A1:B6:32.C09        ed(fd=0003,addr=0000,count=0001)
 793/32/B5 A1:B6:32.C09        ed(fd=0003,addr=0000,count=0001)
 793/32/B5 A1:B6:32.C09        ed(fd=0003,addr=0000,count=0001)
 793/32/B5 A1:B6:32.C09        ed(fd=0003,addr=0000,count=0001)
 793/32/B5 A1:B6:32.C09        ed(fd=0003,addr=0000,count=0001)
 793/32/B5 A1:B6:32.C09        ed(fd=0003,addr=0000,count=0001)
 793/32/B5 A1:B6:32.C09        ed(fd=0003,addr=0000,count=0001)
 793/32/B5 A1:B6:32.C09        ed(fd=0003,addr=0000,count=0001)
 793/32/B5 A1:B6:32.C09        ed(fd=0003,addr=0000,count=0001)
 793/32/B5 A1:B6:32.C09        ed(fd=0003,addr=0000,count=0001)
 793/32/B5 A1:B6:32.C09        ed(fd=0003,addr=0000,count=0001)
2020/01/02 15:22:56.688        Data:
 793/32/B5 A1:B6:32.C09        ed(fd=0003,addr=0000,count=0001)
 793/32/B5 A1:B6:32.C09        ed(fd=0003,addr=0000,count=0001)
 793/32/B5 A1:B6:32.C09        ed(fd=0003,addr=0000,count=0001)
 793/32/B5 A1:B6:32.C09        ed(fd=0003,addr=0000,count=0001)
 793/32/B5 A1:B6:32.C09        ed(fd=0003,addr=0000,count=0001)
 793/32/B5 A1:B6:32.C09        ed(fd=0003,addr=0000,count=0001)
 793/32/B5 A1:B6:32.C09        ed(fd=0003,addr=0000,count=0001)
 793/32/B5 A1:B6:32.C09        ed(fd=0003,addr=0000,count=0001)
 793/32/B5 A1:B6:32.C09        ed(fd=0003,addr=0000,count=0001)
 793/32/B5 A1:B6:32.C09        ed(fd=0003,addr=0000,count=0001)
 793/32/B5 A1:B6:32.C09        ed(fd=0003,addr=0000,count=0001)
 793/32/B5 A1:B6:32.C09        ed(fd=0003,addr=0000,count=0001)
 793/32/B5 A1:B6:32.C09        ed(fd=0003,addr=0000,count=0001)
 793/32/B5 A1:B6:32.C09        ed(fd=0003,addr=0000,count=0001)
 793/32/B5 A1:B6:32.C09        ed(fd=0003,addr=0000,count=0001)
 793/32/B5 A1:B6:32.C09        ed(fd=0003,addr=0000,count=0001)
 793/32/B5 A1:B6:32.C09        ed(fd=0003,addr=0000,count=0001)
 793/32/B5 A1:B6:32.C09        ed(fd=0003,addr=0000,count=0001)
 793/32/B5 A1:B6:32.C09        ed(fd=0003,addr=0000,count=0001)
 793/32/B5 A1:B6:32.C09        ed(fd=0003,addr=0000,count=0001)
 793/32/B5 A1:B6:32.C09        ed(fd=0003,addr=0000,count=0001)
 793/32/B5 A1:B6:32.C09        ed(fd=0003,addr=0000,count=0001)
 793/32/B5 A1:B6:32.C09        ed(fd=0003,addr=0000,count=0001)
 793/32/B5 A1:B6:32.C09        ed(fd=0003,addr=0000,count=0001)
 793/32/B5 A1:B6:32.C09        ed(fd=0003,addr=0000,count=0001)
 793/32/B5 A1:B6:32.C09        ed(fd=0003,addr=0000,count=0001)
 793/32/B5 A1:B6:32.C09        ed(fd=0003,addr=0000,count=0001)
 793/32/B5 A1:B6:32.C09        ed(fd=0003,addr=0000,count=0001)
 793/32/B5 A1:B6:32.C09        ed(fd=0003,addr=0000,count=0001)
 793/32/B5 A1:B6:32.C09        ed(fd=0003,addr=0000,count=0001)
 793/32/B5 A1:B6:32.C09        ed(fd=0003,addr=0000,count=0001)
 793/32/B5 A1:B6:32.C09        ed(fd=0003,addr=0000,count=0001)
 793/32/B5 A1:B6:32.C09        ed(fd=0003,addr=0000,count=0001)
 793/32/B5 A1:B6:32.C09        ed(fd=0003,addr=0000,count=0001)
 793/32/B5 A1:B6:32.C09        ed(fd=0003,addr=0000,count=0001)
 793/32/B5 A1:B6:32.C09        ed(fd=0003,addr=0000,count=0001)
 793/32/B5 A1:B6:32.C09        ed(fd=0003,addr=0000,count=0001)
 793/32/B5 A1:B6:32.C09        ed(fd=0003,addr=0000,count=0001)
 793/32/B5 A1:B6:32.C09        ed(fd=0003,addr=0000,count=0001)
 793/32/B5 A1:B6:32.C09        ed(fd=0003,addr=0000,count=0001)
 793/32/B5 A1:B6:32.C09        ed(fd=0003,addr=0000,count=0001)
 793/32/B5 A1:B6:32.C09        ed(fd=0003,addr=0000,count=0001)
 793/32/B5 A1:B6:32.C09        ed(fd=0003,addr=0000,count=0001)
 793/32/B5 A1:B6:32.C09        ed(fd=0003,addr=0000,count=0001)
 793/32/B5 A1:B6:32.C09        ed(fd=0003,addr=0000,count=0001)
 793/32/B5 A1:B6:32.C09        ed(fd=0003,addr=0000,count=0001)
8274/80/77 61:49:49.084        DPS=1542
 793/58/13 00:07:
 793/58/13 00:07:
 793/58/13 00:07:
 793/58/13 00:07:
 793/58/13 00:07:
 793/58/13 00:07:
 793/58/13 00:07:
 793/58/13 00:07:
 793/58/13 00:07:
 793/58/13 00:07:
 793/58/13 00:07:
 793/58/13 00:07:
 793/58/13 00:07:
 793/58/13 00:07:
 793/58/13 00:07:
 793/58/13 00:07:
 793/58/13 00:07:
 793/58/13 00:07:
 793/58/13 00:07:
 793/58/13 00:07:
 793/58/13 00:07:
 793/58/13 00:07:
 793/58/13 00:07:
 793/58/13 00:07:
 793/58/13 00:07:
 793/58/13 00:07:
 793/58/13 00:07:
 793/58/13 00:07:
 793/58/13 00:07:
 793/58/13 00:07:
2020/01/02 15:22:56.901        Driver data set failed(fd=0003,addr=0000,count=0001)
 793/58/13 00:07:
 793/58/13 00:07:
 793/58/13 00:07:
 793/58/13 00:07:
 793/58/13 00:07:
 793/58/13 00:07:
 793/58/13 00:07:
 793/58/13 00:07:
 793/58/13 00:07:
 793/58/13 00:07:
 793/58/13 00:07:
 793/58/13 00:07:
 793/58/13 00:07:
 793/58/13 00:07:
 793/58/13 00:07:
 793/58/13 00:07:
 793/58/13 00:07:
 793/58/13 00:07:
 793/58/13 00:07:
 793/58/13 00:07:
 793/58/13 00:07:
 793/58/13 00:07:
 793/58/13 00:07:
 793/58/13 00:07:
 793/58/13 00:07:
 793/58/13 00:07:
 793/58/13 00:07:
 793/58/13 00:07:
 793/58/13 00:07:
 793/58/13 00:07:
 793/58/13 00:07:
 793/58/13 00:07:
 793/58/13 00:07:
 793/58/13 00:07:
 793/58/13 00:07:
 793/58/13 00:07:
 793/58/13 00:07:
 793/58/13 00:07:
 793/58/13 00:07:
 793/58/13 00:07:
 793/58/13 00:07:
 793/58/13 00:07:
 793/58/13 00:07:
 793/58/13 00:07:
 793/58/13 00:07:
 793/58/13 00:07:
 793/58/13 00:07:
 793/58/13 00:07:
 793/58/13 00:07:
 793/58/13 00:07:
 793/58/13 00:07:
 793/58/13 00:07:
 793/58/13 00:07:
 793/58/13 00:07:
 793/32/B5 A1:B6:32.C09        ed(fd=0003,addr=0000,count=0001)
 793/32/B5 A1:B6:32.C09        ed(fd=0003,addr=0000,count=0001)
 793/32/B5 A1:B6:32.C09        ed(fd=0003,addr=0000,count=0001)
 793/32/B5 A1:B6:32.C09        ed(fd=0003,addr=0000,count=0001)
 793/32/B5 A1:B6:32.C09        ed(fd=0003,addr=0000,count=0001)
 793/32/B5 A1:B6:32.C09        ed(fd=0003,addr=0000,count=0001)
 793/32/B5 A1:B6:32.C09        ed(fd=0003,addr=0000,count=0001)
 793/32/B5 A1:B6:32.C09        ed(fd=0003,addr=0000,count=0001)
 793/32/B5 A1:B6:32.C09        ed(fd=0003,addr=0000,count=0001)
 793/32/B5 A1:B6:32.C09        ed(fd=0003,addr=0000,count=0001)
 793/32/B5 A1:B6:32.C09        ed(fd=0003,addr=0000,count=0001)
 793/32/B5 A1:B6:32.C09        ed(fd=0003,addr=0000,count=0001)
 793/32/B5 A1:B6:32.C09        ed(fd=0003,addr=0000,count=0001)
 793/32/B5 A1:B6:32.C09        ed(fd=0003,addr=0000,count=0001)
 793/32/B5 A1:B6:32.C09        ed(fd=0003,addr=0000,count=0001)
 793/32/B5 A1:B6:32.C09        ed(fd=0003,addr=0000,count=0001)
 793/32/B5 A1:B6:32.C09        ed(fd=0003,addr=0000,count=0001)
 793/32/B5 A1:B6:32.C09        ed(fd=0003,addr=0000,count=0001)
 793/32/B5 A1:B6:32.C09        ed(fd=0003,addr=0000,count=0001)
2020/01/02 15:22:57.108        Data:
 793/32/B5 A1:B6:32.C09        ed(fd=0003,addr=0000,count=0001)
 793/32/B5 A1:B6:32.C09        ed(fd=0003,addr=0000,count=0001)
 793/32/B5 A1:B6:32.C09        ed(fd=0003,addr=0000,count=0001)
 793/32/B5 A1:B6:32.C09        ed(fd=0003,addr=0000,count=0001)
