2020/01/02 15:13:41.064 [HOST] <67:Res,0,Present:1,Placed:1,Clamp:0,Dock:0,Open:0,CDA:2,Vacuum:2,24V:1,PDORaised:1,PDODocked:1,DoorLatch:1,DoorChucked:0,MapMechanismSafe:0,CrashBeam:0,SafetyFrame:0,HomingRequired:0,FNozzlesState:0,RNozzlesState:0,ENozzlesState:0,PurgeState:0,FPurge:0,RPurge:0,FlowAlarmState:0,O2Interlockstate:0,DoorEncoderPos:000.000>99
2020/01/02 15:13:42.060 [HOST] <68:Status,All>71
2020/01/02 15:13:42.063 [HOST] <68:Ack,0>13
2020/01/02 15:13:42.066 [HOST] <68:Res,0,Present:1,Placed:1,Clamp:0,Dock:0,Open:0,CDA:2,Vacuum:2,24V:1,PDORaised:1,PDODocked:1,DoorLatch:1,DoorChucked:0,MapMechanismSafe:0,CrashBeam:0,SafetyFrame:0,HomingRequired:0,FNozzlesState:0,RNozzlesState:0,ENozzlesState:0,PurgeState:0,FPurge:0,RPurge:0,FlowAlarmState:0,O2Interlockstate:0,DoorEncoderPos:000.000>9A
2020/01/02 15:13:43.061 [HOST] <69:Status,All>72
2020/01/02 15:13:43.065 [HOST] <69:Ack,0>14
2020/01/02 15:13:43.068 [HOST] <69:Res,0,Present:1,Placed:1,Clamp:0,Dock:0,Open:0,CDA:2,Vacuum:2,24V:1,PDORaised:1,PDODocked:1,DoorLatch:1,DoorChucked:0,MapMechanismSafe:0,CrashBeam:0,SafetyFrame:0,HomingRequired:0,FNozzlesState:0,RNozzlesState:0,ENozzlesState:0,PurgeState:0,FPurge:0,RPurge:0,FlowAlarmState:0,O2Interlockstate:0,DoorEncoderPos:000.000>9B
2020/01/02 15:13:44.062 [HOST] <70:Status,All>6A
2020/01/02 15:13:44.065 [HOST] <70:Ack,0>0C
2020/01/02 15:13:44.068 [HOST] <70:Res,0,Present:1,Placed:1,Clamp:0,Dock:0,Open:0,CDA:2,Vacuum:2,24V:1,PDORaised:1,PDODocked:1,DoorLatch:1,DoorChucked:0,MapMechanismSafe:0,CrashBeam:0,SafetyFrame:0,HomingRequired:0,FNozzlesState:0,RNozzlesState:0,ENozzlesState:0,PurgeState:0,FPurge:0,RPurge:0,FlowAlarmState:0,O2Interlockstate:0,DoorEncoderPos:000.000>93
2020/01/02 15:13:45.063 [HOST] <71:Status,All>6B
2020/01/02 15:13:45.066 [HOST] <71:Ack,0>0D
2020/01/02 15:13:45.069 [HOST] <71:Res,0,Present:1,Placed:1,Clamp:0,Dock:0,Open:0,CDA:2,Vacuum:2,24V:1,PDORaised:1,PDODocked:1,DoorLatch:1,DoorChucked:0,MapMechanismSafe:0,CrashBeam:0,SafetyFrame:0,HomingRequired:0,FNozzlesState:0,RNozzlesState:0,ENozzlesState:0,PurgeState:0,FPurge:0,RPurge:0,FlowAlarmState:0,O2Interlockstate:0,DoorEncoderPos:000.000>94
2020/01/02 15:13:46.064 [HOST] <72:Status,All>6C
2020/01/02 15:13:46.067 [HOST] <72:Ack,0>0E
2020/01/02 15:13:46.070 [HOST] <72:Res,0,Present:1,Placed:1,Clamp:0,Dock:0,Open:0,CDA:2,Vacuum:2,24V:1,PDORaised:1,PDODocked:1,DoorLatch:1,DoorChucked:0,MapMechanismSafe:0,CrashBeam:0,SafetyFrame:0,HomingRequired:0,FNozzlesState:0,RNozzlesState:0,ENozzlesState:0,PurgeState:0,FPurge:0,RPurge:0,FlowAlarmState:0,O2Interlockstate:0,DoorEncoderPos:000.000>95
2020/01/02 15:13:47.067 [HOST] <73:Status,All>6D
2020/01/02 15:13:47.070 [HOST] <73:Ack,0>0F
2020/01/02 15:13:47.073 [HOST] <73:Res,0,Present:1,Placed:1,Clamp:0,Dock:0,Open:0,CDA:2,Vacuum:2,24V:1,PDORaised:1,PDODocked:1,DoorLatch:1,DoorChucked:0,MapMechanismSafe:0,CrashBeam:0,SafetyFrame:0,HomingRequired:0,FNozzlesState:0,RNozzlesState:0,ENozzlesState:0,PurgeState:0,FPurge:0,RPurge:0,FlowAlarmState:0,O2Interlockstate:0,DoorEncoderPos:000.000>96
2020/01/02 15:13:48.069 [HOST] <74:Status,All>6E
2020/01/02 15:13:48.072 [HOST] <74:Ack,0>10
2020/01/02 15:13:48.075 [HOST] <74:Res,0,Present:1,Placed:1,Clamp:0,Dock:0,Open:0,CDA:2,Vacuum:2,24V:1,PDORaised:1,PDODocked:1,DoorLatch:1,DoorChucked:0,MapMechanismSafe:0,CrashBeam:0,SafetyFrame:0,HomingRequired:0,FNozzlesState:0,RNozzlesState:0,ENozzlesState:0,PurgeState:0,FPurge:0,RPurge:0,FlowAlarmState:0,O2Interlockstate:0,DoorEncoderPos:000.000>97
2020/01/02 15:13:49.070 [HOST] <75:Status,All>6F
2020/01/02 15:13:49.073 [HOST] <75:Ack,0>11
2020/01/02 15:13:49.076 [HOST] <75:Res,0,Present:1,Placed:1,Clamp:0,Dock:0,Open:0,CDA:2,Vacuum:2,24V:1,PDORaised:1,PDODocked:1,DoorLatch:1,DoorChucked:0,MapMechanismSafe:0,CrashBeam:0,SafetyFrame:0,HomingRequired:0,FNozzlesState:0,RNozzlesState:0,ENozzlesState:0,PurgeState:0,FPurge:0,RPurge:0,FlowAlarmState:0,O2Interlockstate:0,DoorEncoderPos:000.000>98
2020/01/02 15:13:50.070 [HOST] <76:Status,All>70
2020/01/02 15:13:50.073 [HOST] <76:Ack,0>12
2020/01/02 15:13:50.076 [HOST] <76:Res,0,Present:1,Placed:1,Clamp:0,Dock:0,Open:0,CDA:2,Vacuum:2,24V:1,PDORaised:1,PDODocked:1,DoorLatch:1,DoorChucked:0,MapMechanismSafe:0,CrashBeam:0,SafetyFrame:0,HomingRequired:0,FNozzlesState:0,RNozzlesState:0,ENozzlesState:0,PurgeState:0,FPurge:0,RPurge:0,FlowAlarmState:0,O2Interlockstate:0,DoorEncoderPos:000.000>99
2020/01/02 15:13:51.071 [HOST] <77:Status,All>71
2020/01/02 15:13:51.074 [HOST] <77:Ack,0>13
2020/01/02 15:13:51.077 [HOST] <77:Res,0,Present:1,Placed:1,Clamp:0,Dock:0,Open:0,CDA:2,Vacuum:2,24V:1,PDORaised:1,PDODocked:1,DoorLatch:1,DoorChucked:0,MapMechanismSafe:0,CrashBeam:0,SafetyFrame:0,HomingRequired:0,FNozzlesState:0,RNozzlesState:0,ENozzlesState:0,PurgeState:0,FPurge:0,RPurge:0,FlowAlarmState:0,O2Interlockstate:0,DoorEncoderPos:000.000>9A
2020/01/02 15:13:52.074 [HOST] <78:Status,All>72
2020/01/02 15:13:52.077 [HOST] <78:Ack,0>14
2020/01/02 15:13:52.080 [HOST] <78:Res,0,Present:1,Placed:1,Clamp:0,Dock:0,Open:0,CDA:2,Vacuum:2,24V:1,PDORaised:1,PDODocked:1,DoorLatch:1,DoorChucked:0,MapMechanismSafe:0,CrashBeam:0,SafetyFrame:0,HomingRequired:0,FNozzlesState:0,RNozzlesState:0,ENozzlesState:0,PurgeState:0,FPurge:0,RPurge:0,FlowAlarmState:0,O2Interlockstate:0,DoorEncoderPos:000.000>9B
2020/01/02 15:13:53.076 [HOST] <79:Status,All>73
2020/01/02 15:13:53.079 [HOST] <79:Ack,0>15
2020/01/02 15:13:53.082 [HOST] <79:Res,0,Present:1,Placed:1,Clamp:0,Dock:0,Open:0,CDA:2,Vacuum:2,24V:1,PDORaised:1,PDODocked:1,DoorLatch:1,DoorChucked:0,MapMechanismSafe:0,CrashBeam:0,SafetyFrame:0,HomingRequired:0,FNozzlesState:0,RNozzlesState:0,ENozzlesState:0,PurgeState:0,FPurge:0,RPurge:0,FlowAlarmState:0,O2Interlockstate:0,DoorEncoderPos:000.000>9C
2020/01/02 15:13:54.076 [HOST] <80:Status,All>6B
2020/01/02 15:13:54.079 [HOST] <80:Ack,0>0D
2020/01/02 15:13:54.082 [HOST] <80:Res,0,Present:1,Placed:1,Clamp:0,Dock:0,Open:0,CDA:2,Vacuum:2,24V:1,PDORaised:1,PDODocked:1,DoorLatch:1,DoorChucked:0,MapMechanismSafe:0,CrashBeam:0,SafetyFrame:0,HomingRequired:0,FNozzlesState:0,RNozzlesState:0,ENozzlesState:0,PurgeState:0,FPurge:0,RPurge:0,FlowAlarmState:0,O2Interlockstate:0,DoorEncoderPos:000.000>94
2020/01/02 15:13:55.078 [HOST] <81:Status,All>6C
2020/01/02 15:13:55.081 [HOST] <81:Ack,0>0E
2020/01/02 15:13:55.084 [HOST] <81:Res,0,Present:1,Placed:1,Clamp:0,Dock:0,Open:0,CDA:2,Vacuum:2,24V:1,PDORaised:1,PDODocked:1,DoorLatch:1,DoorChucked:0,MapMechanismSafe:0,CrashBeam:0,SafetyFrame:0,HomingRequired:0,FNozzlesState:0,RNozzlesState:0,ENozzlesState:0,PurgeState:0,FPurge:0,RPurge:0,FlowAlarmState:0,O2Interlockstate:0,DoorEncoderPos:000.000>95
2020/01/02 15:13:56.081 [HOST] <82:Status,All>6D
2020/01/02 15:13:56.084 [HOST] <82:Ack,0>0F
2020/01/02 15:13:56.088 [HOST] <82:Res,0,Present:1,Placed:1,Clamp:0,Dock:0,Open:0,CDA:2,Vacuum:2,24V:1,PDORaised:1,PDODocked:1,DoorLatch:1,DoorChucked:0,MapMechanismSafe:0,CrashBeam:0,SafetyFrame:0,HomingRequired:0,FNozzlesState:0,RNozzlesState:0,ENozzlesState:0,PurgeState:0,FPurge:0,RPurge:0,FlowAlarmState:0,O2Interlockstate:0,DoorEncoderPos:000.000>96
2020/01/02 15:13:57.083 [HOST] <83:Status,All>6E
2020/01/02 15:13:57.086 [HOST] <83:Ack,0>10
2020/01/02 15:13:57.089 [HOST] <83:Res,0,Present:1,Placed:1,Clamp:0,Dock:0,Open:0,CDA:2,Vacuum:2,24V:1,PDORaised:1,PDODocked:1,DoorLatch:1,DoorChucked:0,MapMechanismSafe:0,CrashBeam:0,SafetyFrame:0,HomingRequired:0,FNozzlesState:0,RNozzlesState:0,ENozzlesState:0,PurgeState:0,FPurge:0,RPurge:0,FlowAlarmState:0,O2Interlockstate:0,DoorEncoderPos:000.000>97
2020/01/02 15:13:58.084 [HOST] <84:Status,All>6F
2020/01/02 15:13:58.087 [HOST] <84:Ack,0>11
2020/01/02 15:13:58.090 [HOST] <84:Res,0,Present:1,Placed:1,Clamp:0,Dock:0,Open:0,CDA:2,Vacuum:2,24V:1,PDORaised:1,PDODocked:1,DoorLatch:1,DoorChucked:0,MapMechanismSafe:0,CrashBeam:0,SafetyFrame:0,HomingRequired:0,FNozzlesState:0,RNozzlesState:0,ENozzlesState:0,PurgeState:0,FPurge:0,RPurge:0,FlowAlarmState:0,O2Interlockstate:0,DoorEncoderPos:000.000>98
2020/01/02 15:13:59.086 [HOST] <85:Status,All>70
2020/01/02 15:13:59.089 [HOST] <85:Ack,0>12
2020/01/02 15:13:59.092 [HOST] <85:Res,0,Present:1,Placed:1,Clamp:0,Dock:0,Open:0,CDA:2,Vacuum:2,24V:1,PDORaised:1,PDODocked:1,DoorLatch:1,DoorChucked:0,MapMechanismSafe:0,CrashBeam:0,SafetyFrame:0,HomingRequired:0,FNozzlesState:0,RNozzlesState:0,ENozzlesState:0,PurgeState:0,FPurge:0,RPurge:0,FlowAlarmState:0,O2Interlockstate:0,DoorEncoderPos:000.000>99
2020/01/02 15:14:00.087 [HOST] <86:Status,All>71
2020/01/02 15:14:00.090 [HOST] <86:Ack,0>13
2020/01/02 15:14:00.093 [HOST] <86:Res,0,Present:1,Placed:1,Clamp:0,Dock:0,Open:0,CDA:2,Vacuum:2,24V:1,PDORaised:1,PDODocked:1,DoorLatch:1,DoorChucked:0,MapMechanismSafe:0,CrashBeam:0,SafetyFrame:0,HomingRequired:0,FNozzlesState:0,RNozzlesState:0,ENozzlesState:0,PurgeState:0,FPurge:0,RPurge:0,FlowAlarmState:0,O2Interlockstate:0,DoorEncoderPos:000.000>9A
2020/01/02 15:14:01.087 [HOST] <87:Status,All>72
2020/01/02 15:14:01.090 [HOST] <87:Ack,0>14
2020/01/02 15:14:01.093 [HOST] <87:Res,0,Present:1,Placed:1,Clamp:0,Dock:0,Open:0,CDA:2,Vacuum:2,24V:1,PDORaised:1,PDODocked:1,DoorLatch:1,DoorChucked:0,MapMechanismSafe:0,CrashBeam:0,SafetyFrame:0,HomingRequired:0,FNozzlesState:0,RNozzlesState:0,ENozzlesState:0,PurgeState:0,FPurge:0,RPurge:0,FlowAlarmState:0,O2Interlockstate:0,DoorEncoderPos:000.000>9B
2020/01/02 15:14:02.090 [HOST] <88:Status,All>73
2020/01/02 15:14:02.093 [HOST] <88:Ack,0>15
2020/01/02 15:14:02.097 [HOST] <88:Res,0,Present:1,Placed:1,Clamp:0,Dock:0,Open:0,CDA:2,Vacuum:2,24V:1,PDORaised:1,PDODocked:1,DoorLatch:1,DoorChucked:0,MapMechanismSafe:0,CrashBeam:0,SafetyFrame:0,HomingRequired:0,FNozzlesState:0,RNozzlesState:0,ENozzlesState:0,PurgeState:0,FPurge:0,RPurge:0,FlowAlarmState:0,O2Interlockstate:0,DoorEncoderPos:000.000>9C
2020/01/02 15:14:03.092 [HOST] <89:Status,All>74
2020/01/02 15:14:03.095 [HOST] <89:Ack,0>16
2020/01/02 15:14:03.099 [HOST] <89:Res,0,Present:1,Placed:1,Clamp:0,Dock:0,Open:0,CDA:2,Vacuum:2,24V:1,PDORaised:1,PDODocked:1,DoorLatch:1,DoorChucked:0,MapMechanismSafe:0,CrashBeam:0,SafetyFrame:0,HomingRequired:0,FNozzlesState:0,RNozzlesState:0,ENozzlesState:0,PurgeState:0,FPurge:0,RPurge:0,FlowAlarmState:0,O2Interlockstate:0,DoorEncoderPos:000.000>9D
2020/01/02 15:14:04.091 [HOST] <90:Status,All>6C
2020/01/02 15:14:04.094 [HOST] <90:Ack,0>0E
2020/01/02 15:14:04.097 [HOST] <90:Res,0,Present:1,Placed:1,Clamp:0,Dock:0,Open:0,CDA:2,Vacuum:2,24V:1,PDORaised:1,PDODocked:1,DoorLatch:1,DoorChucked:0,MapMechanismSafe:0,CrashBeam:0,SafetyFrame:0,HomingRequired:0,FNozzlesState:0,RNozzlesState:0,ENozzlesState:0,PurgeState:0,FPurge:0,RPurge:0,FlowAlarmState:0,O2Interlockstate:0,DoorEncoderPos:000.000>95
2020/01/02 15:14:05.094 [HOST] <91:Status,All>6D
2020/01/02 15:14:05.097 [HOST] <91:Ack,0>0F
2020/01/02 15:14:05.100 [HOST] <91:Res,0,Present:1,Placed:1,Clamp:0,Dock:0,Open:0,CDA:2,Vacuum:2,24V:1,PDORaised:1,PDODocked:1,DoorLatch:1,DoorChucked:0,MapMechanismSafe:0,CrashBeam:0,SafetyFrame:0,HomingRequired:0,FNozzlesState:0,RNozzlesState:0,ENozzlesState:0,PurgeState:0,FPurge:0,RPurge:0,FlowAlarmState:0,O2Interlockstate:0,DoorEncoderPos:000.000>96
2020/01/02 15:14:06.096 [HOST] <92:Status,All>6E
2020/01/02 15:14:06.099 [HOST] <92:Ack,0>10
2020/01/02 15:14:06.102 [HOST] <92:Res,0,Present:1,Placed:1,Clamp:0,Dock:0,Open:0,CDA:2,Vacuum:2,24V:1,PDORaised:1,PDODocked:1,DoorLatch:1,DoorChucked:0,MapMechanismSafe:0,CrashBeam:0,SafetyFrame:0,HomingRequired:0,FNozzlesState:0,RNozzlesState:0,ENozzlesState:0,PurgeState:0,FPurge:0,RPurge:0,FlowAlarmState:0,O2Interlockstate:0,DoorEncoderPos:000.000>97
2020/01/02 15:14:07.096 [HOST] <93:Status,All>6F
2020/01/02 15:14:07.099 [HOST] <93:Ack,0>11
2020/01/02 15:14:07.102 [HOST] <93:Res,0,Present:1,Placed:1,Clamp:0,Dock:0,Open:0,CDA:2,Vacuum:2,24V:1,PDORaised:1,PDODocked:1,DoorLatch:1,DoorChucked:0,MapMechanismSafe:0,CrashBeam:0,SafetyFrame:0,HomingRequired:0,FNozzlesState:0,RNozzlesState:0,ENozzlesState:0,PurgeState:0,FPurge:0,RPurge:0,FlowAlarmState:0,O2Interlockstate:0,DoorEncoderPos:000.000>98
2020/01/02 15:14:08.098 [HOST] <94:Status,All>70
2020/01/02 15:14:08.101 [HOST] <94:Ack,0>12
2020/01/02 15:14:08.104 [HOST] <94:Res,0,Present:1,Placed:1,Clamp:0,Dock:0,Open:0,CDA:2,Vacuum:2,24V:1,PDORaised:1,PDODocked:1,DoorLatch:1,DoorChucked:0,MapMechanismSafe:0,CrashBeam:0,SafetyFrame:0,HomingRequired:0,FNozzlesState:0,RNozzlesState:0,ENozzlesState:0,PurgeState:0,FPurge:0,RPurge:0,FlowAlarmState:0,O2Interlockstate:0,DoorEncoderPos:000.000>99
2020/01/02 15:14:09.100 [HOST] <95:Status,All>71
2020/01/02 15:14:09.103 [HOST] <95:Ack,0>13
2020/01/02 15:14:09.106 [HOST] <95:Res,0,Present:1,Placed:1,Clamp:0,Dock:0,Open:0,CDA:2,Vacuum:2,24V:1,PDORaised:1,PDODocked:1,DoorLatch:1,DoorChucked:0,MapMechanismSafe:0,CrashBeam:0,SafetyFrame:0,HomingRequired:0,FNozzlesState:0,RNozzlesState:0,ENozzlesState:0,PurgeState:0,FPurge:0,RPurge:0,FlowAlarmState:0,O2Interlockstate:0,DoorEncoderPos:000.000>9A
2020/01/02 15:14:10.102 [HOST] <96:Status,All>72
2020/01/02 15:14:10.106 [HOST] <96:Ack,0>14
2020/01/02 15:14:10.109 [HOST] <96:Res,0,Present:1,Placed:1,Clamp:0,Dock:0,Open:0,CDA:2,Vacuum:2,24V:1,PDORaised:1,PDODocked:1,DoorLatch:1,DoorChucked:0,MapMechanismSafe:0,CrashBeam:0,SafetyFrame:0,HomingRequired:0,FNozzlesState:0,RNozzlesState:0,ENozzlesState:0,PurgeState:0,FPurge:0,RPurge:0,FlowAlarmState:0,O2Interlockstate:0,DoorEncoderPos:000.000>9B
2020/01/02 15:14:11.102 [HOST] <97:Status,All>73
2020/01/02 15:14:11.105 [HOST] <97:Ack,0>15
2020/01/02 15:14:11.108 [HOST] <97:Res,0,Present:1,Placed:1,Clamp:0,Dock:0,Open:0,CDA:2,Vacuum:2,24V:1,PDORaised:1,PDODocked:1,DoorLatch:1,DoorChucked:0,MapMechanismSafe:0,CrashBeam:0,SafetyFrame:0,HomingRequired:0,FNozzlesState:0,RNozzlesState:0,ENozzlesState:0,PurgeState:0,FPurge:0,RPurge:0,FlowAlarmState:0,O2Interlockstate:0,DoorEncoderPos:000.000>9C
2020/01/02 15:14:12.105 [HOST] <98:Status,All>74
2020/01/02 15:14:12.108 [HOST] <98:Ack,0>16
2020/01/02 15:14:12.111 [HOST] <98:Res,0,Present:1,Placed:1,Clamp:0,Dock:0,Open:0,CDA:2,Vacuum:2,24V:1,PDORaised:1,PDODocked:1,DoorLatch:1,DoorChucked:0,MapMechanismSafe:0,CrashBeam:0,SafetyFrame:0,HomingRequired:0,FNozzlesState:0,RNozzlesState:0,ENozzlesState:0,PurgeState:0,FPurge:0,RPurge:0,FlowAlarmState:0,O2Interlockstate:0,DoorEncoderPos:000.000>9D
2020/01/02 15:14:13.106 [HOST] <99:Status,All>75
2020/01/02 15:14:13.109 [HOST] <99:Ack,0>17
2020/01/02 15:14:13.112 [HOST] <99:Res,0,Present:1,Placed:1,Clamp:0,Dock:0,Open:0,CDA:2,Vacuum:2,24V:1,PDORaised:1,PDODocked:1,DoorLatch:1,DoorChucked:0,MapMechanismSafe:0,CrashBeam:0,SafetyFrame:0,HomingRequired:0,FNozzlesState:0,RNozzlesState:0,ENozzlesState:0,PurgeState:0,FPurge:0,RPurge:0,FlowAlarmState:0,O2Interlockstate:0,DoorEncoderPos:000.000>9E
2020/01/02 15:14:14.109 [HOST] <100:Status,All>94
2020/01/02 15:14:14.112 [HOST] <100:Ack,0>36
2020/01/02 15:14:14.115 [HOST] <100:Res,0,Present:1,Placed:1,Clamp:0,Dock:0,Open:0,CDA:2,Vacuum:2,24V:1,PDORaised:1,PDODocked:1,DoorLatch:1,DoorChucked:0,MapMechanismSafe:0,CrashBeam:0,SafetyFrame:0,HomingRequired:0,FNozzlesState:0,RNozzlesState:0,ENozzlesState:0,PurgeState:0,FPurge:0,RPurge:0,FlowAlarmState:0,O2Interlockstate:0,DoorEncoderPos:000.000>BD
2020/01/02 15:14:15.110 [HOST] <101:Status,All>95
2020/01/02 15:14:15.113 [HOST] <101:Ack,0>37
2020/01/02 15:14:15.116 [HOST] <101:Res,0,Present:1,Placed:1,Clamp:0,Dock:0,Open:0,CDA:2,Vacuum:2,24V:1,PDORaised:1,PDODocked:1,DoorLatch:1,DoorChucked:0,MapMechanismSafe:0,CrashBeam:0,SafetyFrame:0,HomingRequired:0,FNozzlesState:0,RNozzlesState:0,ENozzlesState:0,PurgeState:0,FPurge:0,RPurge:0,FlowAlarmState:0,O2Interlockstate:0,DoorEncoderPos:000.000>BE
2020/01/02 15:14:16.112 [HOST] <102:Status,All>96
2020/01/02 15:14:16.115 [HOST] <102:Ack,0>38
2020/01/02 15:14:16.119 [HOST] <102:Res,0,Present:1,Placed:1,Clamp:0,Dock:0,Open:0,CDA:2,Vacuum:2,24V:1,PDORaised:1,PDODocked:1,DoorLatch:1,DoorChucked:0,MapMechanismSafe:0,CrashBeam:0,SafetyFrame:0,HomingRequired:0,FNozzlesState:0,RNozzlesState:0,ENozzlesState:0,PurgeState:0,FPurge:0,RPurge:0,FlowAlarmState:0,O2Interlockstate:0,DoorEncoderPos:000.000>BF
2020/01/02 15:14:17.112 [HOST] <103:Status,All>97
2020/01/02 15:14:17.115 [HOST] <103:Ack,0>39
2020/01/02 15:14:17.119 [HOST] <103:Res,0,Present:1,Placed:1,Clamp:0,Dock:0,Open:0,CDA:2,Vacuum:2,24V:1,PDORaised:1,PDODocked:1,DoorLatch:1,DoorChucked:0,MapMechanismSafe:0,CrashBeam:0,SafetyFrame:0,HomingRequired:0,FNozzlesState:0,RNozzlesState:0,ENozzlesState:0,PurgeState:0,FPurge:0,RPurge:0,FlowAlarmState:0,O2Interlockstate:0,DoorEncoderPos:000.000>C0
2020/01/02 15:14:18.112 [HOST] <104:Status,All>98
2020/01/02 15:14:18.115 [HOST] <104:Ack,0>3A
2020/01/02 15:14:18.119 [HOST] <104:Res,0,Present:1,Placed:1,Clamp:0,Dock:0,Open:0,CDA:2,Vacuum:2,24V:1,PDORaised:1,PDODocked:1,DoorLatch:1,DoorChucked:0,MapMechanismSafe:0,CrashBeam:0,SafetyFrame:0,HomingRequired:0,FNozzlesState:0,RNozzlesState:0,ENozzlesState:0,PurgeState:0,FPurge:0,RPurge:0,FlowAlarmState:0,O2Interlockstate:0,DoorEncoderPos:000.000>C1
2020/01/02 15:14:19.113 [HOST] <105:Status,All>99
2020/01/02 15:14:19.116 [HOST] <105:Ack,0>3B
2020/01/02 15:14:19.119 [HOST] <105:Res,0,Present:1,Placed:1,Clamp:0,Dock:0,Open:0,CDA:2,Vacuum:2,24V:1,PDORaised:1,PDODocked:1,DoorLatch:1,DoorChucked:0,MapMechanismSafe:0,CrashBeam:0,SafetyFrame:0,HomingRequired:0,FNozzlesState:0,RNozzlesState:0,ENozzlesState:0,PurgeState:0,FPurge:0,RPurge:0,FlowAlarmState:0,O2Interlockstate:0,DoorEncoderPos:000.000>C2
2020/01/02 15:14:20.115 [HOST] <106:Status,All>9A
2020/01/02 15:14:20.118 [HOST] <106:Ack,0>3C
2020/01/02 15:14:20.121 [HOST] <106:Res,0,Present:1,Placed:1,Clamp:0,Dock:0,Open:0,CDA:2,Vacuum:2,24V:1,PDORaised:1,PDODocked:1,DoorLatch:1,DoorChucked:0,MapMechanismSafe:0,CrashBeam:0,SafetyFrame:0,HomingRequired:0,FNozzlesState:0,RNozzlesState:0,ENozzlesState:0,PurgeState:0,FPurge:0,RPurge:0,FlowAlarmState:0,O2Interlockstate:0,DoorEncoderPos:000.000>C3
2020/01/02 15:14:21.118 [HOST] <107:Status,All>9B
2020/01/02 15:14:21.121 [HOST] <107:Ack,0>3D
2020/01/02 15:14:21.124 [HOST] <107:Res,0,Present:1,Placed:1,Clamp:0,Dock:0,Open:0,CDA:2,Vacuum:2,24V:1,PDORaised:1,PDODocked:1,DoorLatch:1,DoorChucked:0,MapMechanismSafe:0,CrashBeam:0,SafetyFrame:0,HomingRequired:0,FNozzlesState:0,RNozzlesState:0,ENozzlesState:0,PurgeState:0,FPurge:0,RPurge:0,FlowAlarmState:0,O2Interlockstate:0,DoorEncoderPos:000.000>C4
2020/01/02 15:14:22.119 [HOST] <108:Status,All>9C
2020/01/02 15:14:22.122 [HOST] <108:Ack,0>3E
2020/01/02 15:14:22.125 [HOST] <108:Res,0,Present:1,Placed:1,Clamp:0,Dock:0,Open:0,CDA:2,Vacuum:2,24V:1,PDORaised:1,PDODocked:1,DoorLatch:1,DoorChucked:0,MapMechanismSafe:0,CrashBeam:0,SafetyFrame:0,HomingRequired:0,FNozzlesState:0,RNozzlesState:0,ENozzlesState:0,PurgeState:0,FPurge:0,RPurge:0,FlowAlarmState:0,O2Interlockstate:0,DoorEncoderPos:000.000>C5
2020/01/02 15:14:23.121 [HOST] <109:Status,All>9D
2020/01/02 15:14:23.124 [HOST] <109:Ack,0>3F
2020/01/02 15:14:23.128 [HOST] <109:Res,0,Present:1,Placed:1,Clamp:0,Dock:0,Open:0,CDA:2,Vacuum:2,24V:1,PDORaised:1,PDODocked:1,DoorLatch:1,DoorChucked:0,MapMechanismSafe:0,CrashBeam:0,SafetyFrame:0,HomingRequired:0,FNozzlesState:0,RNozzlesState:0,ENozzlesState:0,PurgeState:0,FPurge:0,RPurge:0,FlowAlarmState:0,O2Interlockstate:0,DoorEncoderPos:000.000>C6
2020/01/02 15:14:24.122 [HOST] <110:Status,All>95
2020/01/02 15:14:24.125 [HOST] <110:Ack,0>37
2020/01/02 15:14:24.128 [HOST] <110:Res,0,Present:1,Placed:1,Clamp:0,Dock:0,Open:0,CDA:2,Vacuum:2,24V:1,PDORaised:1,PDODocked:1,DoorLatch:1,DoorChucked:0,MapMechanismSafe:0,CrashBeam:0,SafetyFrame:0,HomingRequired:0,FNozzlesState:0,RNozzlesState:0,ENozzlesState:0,PurgeState:0,FPurge:0,RPurge:0,FlowAlarmState:0,O2Interlockstate:0,DoorEncoderPos:000.000>BE
2020/01/02 15:14:25.125 [HOST] <111:Status,All>96
2020/01/02 15:14:25.128 [HOST] <111:Ack,0>38
2020/01/02 15:14:25.131 [HOST] <111:Res,0,Present:1,Placed:1,Clamp:0,Dock:0,Open:0,CDA:2,Vacuum:2,24V:1,PDORaised:1,PDODocked:1,DoorLatch:1,DoorChucked:0,MapMechanismSafe:0,CrashBeam:0,SafetyFrame:0,HomingRequired:0,FNozzlesState:0,RNozzlesState:0,ENozzlesState:0,PurgeState:0,FPurge:0,RPurge:0,FlowAlarmState:0,O2Interlockstate:0,DoorEncoderPos:000.000>BF
2020/01/02 15:14:26.127 [HOST] <112:Status,All>97
2020/01/02 15:14:26.130 [HOST] <112:Ack,0>39
2020/01/02 15:14:26.133 [HOST] <112:Res,0,Present:1,Placed:1,Clamp:0,Dock:0,Open:0,CDA:2,Vacuum:2,24V:1,PDORaised:1,PDODocked:1,DoorLatch:1,DoorChucked:0,MapMechanismSafe:0,CrashBeam:0,SafetyFrame:0,HomingRequired:0,FNozzlesState:0,RNozzlesState:0,ENozzlesState:0,PurgeState:0,FPurge:0,RPurge:0,FlowAlarmState:0,O2Interlockstate:0,DoorEncoderPos:000.000>C0
2020/01/02 15:14:27.127 [HOST] <113:Status,All>98
2020/01/02 15:14:27.130 [HOST] <113:Ack,0>3A
2020/01/02 15:14:27.133 [HOST] <113:Res,0,Present:1,Placed:1,Clamp:0,Dock:0,Open:0,CDA:2,Vacuum:2,24V:1,PDORaised:1,PDODocked:1,DoorLatch:1,DoorChucked:0,MapMechanismSafe:0,CrashBeam:0,SafetyFrame:0,HomingRequired:0,FNozzlesState:0,RNozzlesState:0,ENozzlesState:0,PurgeState:0,FPurge:0,RPurge:0,FlowAlarmState:0,O2Interlockstate:0,DoorEncoderPos:000.000>C1
2020/01/02 15:14:28.129 [HOST] <114:Status,All>99
2020/01/02 15:14:28.132 [HOST] <114:Ack,0>3B
2020/01/02 15:14:28.135 [HOST] <114:Res,0,Present:1,Placed:1,Clamp:0,Dock:0,Open:0,CDA:2,Vacuum:2,24V:1,PDORaised:1,PDODocked:1,DoorLatch:1,DoorChucked:0,MapMechanismSafe:0,CrashBeam:0,SafetyFrame:0,HomingRequired:0,FNozzlesState:0,RNozzlesState:0,ENozzlesState:0,PurgeState:0,FPurge:0,RPurge:0,FlowAlarmState:0,O2Interlockstate:0,DoorEncoderPos:000.000>C2
2020/01/02 15:14:29.129 [HOST] <115:Status,All>9A
2020/01/02 15:14:29.132 [HOST] <115:Ack,0>3C
2020/01/02 15:14:29.135 [HOST] <115:Res,0,Present:1,Placed:1,Clamp:0,Dock:0,Open:0,CDA:2,Vacuum:2,24V:1,PDORaised:1,PDODocked:1,DoorLatch:1,DoorChucked:0,MapMechanismSafe:0,CrashBeam:0,SafetyFrame:0,HomingRequired:0,FNozzlesState:0,RNozzlesState:0,ENozzlesState:0,PurgeState:0,FPurge:0,RPurge:0,FlowAlarmState:0,O2Interlockstate:0,DoorEncoderPos:000.000>C3
2020/01/02 15:14:30.134 [HOST] <116:Status,All>9B
2020/01/02 15:14:30.137 [HOST] <116:Ack,0>3D
2020/01/02 15:14:30.140 [HOST] <116:Res,0,Present:1,Placed:1,Clamp:0,Dock:0,Open:0,CDA:2,Vacuum:2,24V:1,PDORaised:1,PDODocked:1,DoorLatch:1,DoorChucked:0,MapMechanismSafe:0,CrashBeam:0,SafetyFrame:0,HomingRequired:0,FNozzlesState:0,RNozzlesState:0,ENozzlesState:0,PurgeState:0,FPurge:0,RPurge:0,FlowAlarmState:0,O2Interlockstate:0,DoorEncoderPos:000.000>C4
2020/01/02 15:14:31.132 [HOST] <117:Status,All>9C
2020/01/02 15:14:31.135 [HOST] <117:Ack,0>3E
2020/01/02 15:14:31.138 [HOST] <117:Res,0,Present:1,Placed:1,Clamp:0,Dock:0,Open:0,CDA:2,Vacuum:2,24V:1,PDORaised:1,PDODocked:1,DoorLatch:1,DoorChucked:0,MapMechanismSafe:0,CrashBeam:0,SafetyFrame:0,HomingRequired:0,FNozzlesState:0,RNozzlesState:0,ENozzlesState:0,PurgeState:0,FPurge:0,RPurge:0,FlowAlarmState:0,O2Interlockstate:0,DoorEncoderPos:000.000>C5
2020/01/02 15:14:32.136 [HOST] <118:Status,All>9D
2020/01/02 15:14:32.139 [HOST] <118:Ack,0>3F
2020/01/02 15:14:32.142 [HOST] <118:Res,0,Present:1,Placed:1,Clamp:0,Dock:0,Open:0,CDA:2,Vacuum:2,24V:1,PDORaised:1,PDODocked:1,DoorLatch:1,DoorChucked:0,MapMechanismSafe:0,CrashBeam:0,SafetyFrame:0,HomingRequired:0,FNozzlesState:0,RNozzlesState:0,ENozzlesState:0,PurgeState:0,FPurge:0,RPurge:0,FlowAlarmState:0,O2Interlockstate:0,DoorEncoderPos:000.000>C6
2020/01/02 15:14:33.136 [HOST] <119:Status,All>9E
2020/01/02 15:14:33.139 [HOST] <119:Ack,0>40
2020/01/02 15:14:33.142 [HOST] <119:Res,0,Present:1,Placed:1,Clamp:0,Dock:0,Open:0,CDA:2,Vacuum:2,24V:1,PDORaised:1,PDODocked:1,DoorLatch:1,DoorChucked:0,MapMechanismSafe:0,CrashBeam:0,SafetyFrame:0,HomingRequired:0,FNozzlesState:0,RNozzlesState:0,ENozzlesState:0,PurgeState:0,FPurge:0,RPurge:0,FlowAlarmState:0,O2Interlockstate:0,DoorEncoderPos:000.000>C7
2020/01/02 15:14:34.138 [HOST] <120:Status,All>96
2020/01/02 15:14:34.141 [HOST] <120:Ack,0>38
2020/01/02 15:14:34.144 [HOST] <120:Res,0,Present:1,Placed:1,Clamp:0,Dock:0,Open:0,CDA:2,Vacuum:2,24V:1,PDORaised:1,PDODocked:1,DoorLatch:1,DoorChucked:0,MapMechanismSafe:0,CrashBeam:0,SafetyFrame:0,HomingRequired:0,FNozzlesState:0,RNozzlesState:0,ENozzlesState:0,PurgeState:0,FPurge:0,RPurge:0,FlowAlarmState:0,O2Interlockstate:0,DoorEncoderPos:000.000>BF
2020/01/02 15:14:35.140 [HOST] <121:Status,All>97
2020/01/02 15:14:35.143 [HOST] <121:Ack,0>39
2020/01/02 15:14:35.146 [HOST] <121:Res,0,Present:1,Placed:1,Clamp:0,Dock:0,Open:0,CDA:2,Vacuum:2,24V:1,PDORaised:1,PDODocked:1,DoorLatch:1,DoorChucked:0,MapMechanismSafe:0,CrashBeam:0,SafetyFrame:0,HomingRequired:0,FNozzlesState:0,RNozzlesState:0,ENozzlesState:0,PurgeState:0,FPurge:0,RPurge:0,FlowAlarmState:0,O2Interlockstate:0,DoorEncoderPos:000.000>C0
2020/01/02 15:14:36.141 [HOST] <122:Status,All>98
2020/01/02 15:14:36.144 [HOST] <122:Ack,0>3A
2020/01/02 15:14:36.148 [HOST] <122:Res,0,Present:1,Placed:1,Clamp:0,Dock:0,Open:0,CDA:2,Vacuum:2,24V:1,PDORaised:1,PDODocked:1,DoorLatch:1,DoorChucked:0,MapMechanismSafe:0,CrashBeam:0,SafetyFrame:0,HomingRequired:0,FNozzlesState:0,RNozzlesState:0,ENozzlesState:0,PurgeState:0,FPurge:0,RPurge:0,FlowAlarmState:0,O2Interlockstate:0,DoorEncoderPos:000.000>C1
2020/01/02 15:14:37.142 [HOST] <123:Status,All>99
2020/01/02 15:14:37.145 [HOST] <123:Ack,0>3B
2020/01/02 15:14:37.148 [HOST] <123:Res,0,Present:1,Placed:1,Clamp:0,Dock:0,Open:0,CDA:2,Vacuum:2,24V:1,PDORaised:1,PDODocked:1,DoorLatch:1,DoorChucked:0,MapMechanismSafe:0,CrashBeam:0,SafetyFrame:0,HomingRequired:0,FNozzlesState:0,RNozzlesState:0,ENozzlesState:0,PurgeState:0,FPurge:0,RPurge:0,FlowAlarmState:0,O2Interlockstate:0,DoorEncoderPos:000.000>C2
2020/01/02 15:14:38.142 [HOST] <124:Status,All>9A
2020/01/02 15:14:38.145 [HOST] <124:Ack,0>3C
2020/01/02 15:14:38.148 [HOST] <124:Res,0,Present:1,Placed:1,Clamp:0,Dock:0,Open:0,CDA:2,Vacuum:2,24V:1,PDORaised:1,PDODocked:1,DoorLatch:1,DoorChucked:0,MapMechanismSafe:0,CrashBeam:0,SafetyFrame:0,HomingRequired:0,FNozzlesState:0,RNozzlesState:0,ENozzlesState:0,PurgeState:0,FPurge:0,RPurge:0,FlowAlarmState:0,O2Interlockstate:0,DoorEncoderPos:000.000>C3
2020/01/02 15:14:39.146 [HOST] <125:Status,All>9B
2020/01/02 15:14:39.149 [HOST] <125:Ack,0>3D
2020/01/02 15:14:39.152 [HOST] <125:Res,0,Present:1,Placed:1,Clamp:0,Dock:0,Open:0,CDA:2,Vacuum:2,24V:1,PDORaised:1,PDODocked:1,DoorLatch:1,DoorChucked:0,MapMechanismSafe:0,CrashBeam:0,SafetyFrame:0,HomingRequired:0,FNozzlesState:0,RNozzlesState:0,ENozzlesState:0,PurgeState:0,FPurge:0,RPurge:0,FlowAlarmState:0,O2Interlockstate:0,DoorEncoderPos:000.000>C4
2020/01/02 15:14:40.146 [HOST] <126:Status,All>9C
2020/01/02 15:14:40.149 [HOST] <126:Ack,0>3E
2020/01/02 15:14:40.152 [HOST] <126:Res,0,Present:1,Placed:1,Clamp:0,Dock:0,Open:0,CDA:2,Vacuum:2,24V:1,PDORaised:1,PDODocked:1,DoorLatch:1,DoorChucked:0,MapMechanismSafe:0,CrashBeam:0,SafetyFrame:0,HomingRequired:0,FNozzlesState:0,RNozzlesState:0,ENozzlesState:0,PurgeState:0,FPurge:0,RPurge:0,FlowAlarmState:0,O2Interlockstate:0,DoorEncoderPos:000.000>C5
2020/01/02 15:14:41.147 [HOST] <127:Status,All>9D
2020/01/02 15:14:41.150 [HOST] <127:Ack,0>3F
2020/01/02 15:14:41.153 [HOST] <127:Res,0,Present:1,Placed:1,Clamp:0,Dock:0,Open:0,CDA:2,Vacuum:2,24V:1,PDORaised:1,PDODocked:1,DoorLatch:1,DoorChucked:0,MapMechanismSafe:0,CrashBeam:0,Safety
2020/01/02 15:14:41.153        Frame:0,HomingRequired:0,FNozzlesState:0,RNozzlesState:0,ENozzlesState:0,PurgeState:0,FPurge:0,RPurge:0,FlowAlarmState:0,O2Interlockstate:0,DoorEncoderPos:000.000>C6
2020/01/02 15:14:42.150 [HOST] <128:Status,All>9E
2020/01/02 15:14:42.153 [HOST] <128:Ack,0>40
2020/01/02 15:14:42.156 [HOST] <128:Res,0,Present:1,Placed:1,Clamp:0,Dock:0,Open:0,CDA:2,Vacuum:2,24V:1,PDORaised:1,PDODocked:1,DoorLatch:1,DoorChucked:0,MapMechanismSafe:0,CrashBeam:0,SafetyFrame:0,HomingRequired:0,FNozzlesState:0,RNozzlesState:0,ENozzlesState:0,PurgeState:0,FPurge:0,RPurge:0,FlowAlarmState:0,O2Interlockstate:0,DoorEncoderPos:000.000>C7
2020/01/02 15:14:43.150 [HOST] <129:Status,All>9F
2020/01/02 15:14:43.153 [HOST] <129:Ack,0>41
2020/01/02 15:14:43.156 [HOST] <129:Res,0,Present:1,Placed:1,Clamp:0,Dock:0,Open:0,CDA:2,Vacuum:2,24V:1,PDORaised:1,PDODocked:1,DoorLatch:1,DoorChucked:0,MapMechanismSafe:0,CrashBeam:0,SafetyFrame:0,HomingRequired:0,FNozzlesState:0,RNozzlesState:0,ENozzlesState:0,PurgeState:0,FPurge:0,RPurge:0,FlowAlarmState:0,O2Interlockstate:0,DoorEncoderPos:000.000>C8
2020/01/02 15:14:44.151 [HOST] <130:Status,All>97
2020/01/02 15:14:44.154 [HOST] <130:Ack,0>39
2020/01/02 15:14:44.158 [HOST] <130:Res,0,Present:1,Placed:1,Clamp:0,Dock:0,Open:0,CDA:2,Vacuum:2,24V:1,PDORaised:1,PDODocked:1,DoorLatch:1,DoorChucked:0,MapMechanismSafe:0,CrashBeam:0,SafetyFrame:0,HomingRequired:0,FNozzlesState:0,RNozzlesState:0,ENozzlesState:0,PurgeState:0,FPurge:0,RPurge:0,FlowAlarmState:0,O2Interlockstate:0,DoorEncoderPos:000.000>C0
2020/01/02 15:14:45.153 [HOST] <131:Status,All>98
2020/01/02 15:14:45.156 [HOST] <131:Ack,0>3A
2020/01/02 15:14:45.159 [HOST] <131:Res,0,Present:1,Placed:1,Clamp:0,Dock:0,Open:0,CDA:2,Vacuum:2,24V:1,PDORaised:1,PDODocked:1,DoorLatch:1,DoorChucked:0,MapMechanismSafe:0,CrashBeam:0,SafetyFrame:0,HomingRequired:0,FNozzlesState:0,RNozzlesState:0,ENozzlesState:0,PurgeState:0,FPurge:0,RPurge:0,FlowAlarmState:0,O2Interlockstate:0,DoorEncoderPos:000.000>C1
2020/01/02 15:14:46.155 [HOST] <132:Status,All>99
2020/01/02 15:14:46.158 [HOST] <132:Ack,0>3B
2020/01/02 15:14:46.161 [HOST] <132:Res,0,Present:1,Placed:1,Clamp:0,Dock:0,Open:0,CDA:2,Vacuum:2,24V:1,PDORaised:1,PDODocked:1,DoorLatch:1,DoorChucked:0,MapMechanismSafe:0,CrashBeam:0,SafetyFrame:0,HomingRequired:0,FNozzlesState:0,RNozzlesState:0,ENozzlesState:0,PurgeState:0,FPurge:0,RPurge:0,FlowAlarmState:0,O2Interlockstate:0,DoorEncoderPos:000.000>C2
2020/01/02 15:14:47.158 [HOST] <133:Status,All>9A
2020/01/02 15:14:47.161 [HOST] <133:Ack,0>3C
2020/01/02 15:14:47.164 [HOST] <133:Res,0,Present:1,Placed:1,Clamp:0,Dock:0,Open:0,CDA:2,Vacuum:2,24V:1,PDORaised:1,PDODocked:1,DoorLatch:1,DoorChucked:0,MapMechanismSafe:0,CrashBeam:0,SafetyFrame:0,HomingRequired:0,FNozzlesState:0,RNozzlesState:0,ENozzlesState:0,PurgeState:0,FPurge:0,RPurge:0,FlowAlarmState:0,O2Interlockstate:0,DoorEncoderPos:000.000>C3
2020/01/02 15:14:48.161 [HOST] <134:Status,All>9B
2020/01/02 15:14:48.164 [HOST] <134:Ack,0>3D
2020/01/02 15:14:48.167 [HOST] <134:Res,0,Present:1,Placed:1,Clamp:0,Dock:0,Open:0,CDA:2,Vacuum:2,24V:1,PDORaised:1,PDODocked:1,DoorLatch:1,DoorChucked:0,MapMechanismSafe:0,CrashBeam:0,SafetyFrame:0,HomingRequired:0,FNozzlesState:0,RNozzlesState:0,ENozzlesState:0,PurgeState:0,FPurge:0,RPurge:0,FlowAlarmState:0,O2Interlockstate:0,DoorEncoderPos:000.000>C4
2020/01/02 15:14:49.161 [HOST] <135:Status,All>9C
2020/01/02 15:14:49.164 [HOST] <135:Ack,0>3E
2020/01/02 15:14:49.167 [HOST] <135:Res,0,Present:1,Placed:1,Clamp:0,Dock:0,Open:0,CDA:2,Vacuum:2,24V:1,PDORaised:1,PDODocked:1,DoorLatch:1,DoorChucked:0,MapMechanismSafe:0,CrashBeam:0,SafetyFrame:0,HomingRequired:0,FNozzlesState:0,RNozzlesState:0,ENozzlesState:0,PurgeState:0,FPurge:0,RPurge:0,FlowAlarmState:0,O2Interlockstate:0,DoorEncoderPos:000.000>C5
2020/01/02 15:14:50.163 [HOST] <136:Status,All>9D
2020/01/02 15:14:50.167 [HOST] <136:Ack,0>3F
2020/01/02 15:14:50.170 [HOST] <136:Res,0,Present:1,Placed:1,Clamp:0,Dock:0,Open:0,CDA:2,Vacuum:2,24V:1,PDORaised:1,PDODocked:1,DoorLatch:1,DoorChucked:0,MapMechanismSafe:0,CrashBeam:0,SafetyFrame:0,HomingRequired:0,FNozzlesState:0,RNozzlesState:0,ENozzlesState:0,PurgeState:0,FPurge:0,RPurge:0,FlowAlarmState:0,O2Interlockstate:0,DoorEncoderPos:000.000>C6
2020/01/02 15:14:51.164 [HOST] <137:Status,All>9E
2020/01/02 15:14:51.167 [HOST] <137:Ack,0>40
2020/01/02 15:14:51.170 [HOST] <137:Res,0,Present:1,Placed:1,Clamp:0,Dock:0,Open:0,CDA:2,Vacuum:2,24V:1,PDORaised:1,PDODocked:1,DoorLatch:1,DoorChucked:0,MapMechanismSafe:0,CrashBeam:0,SafetyFrame:0,HomingRequired:0,FNozzlesState:0,RNozzlesState:0,ENozzlesState:0,PurgeState:0,FPurge:0,RPurge:0,FlowAlarmState:0,O2Interlockstate:0,DoorEncoderPos:000.000>C7
2020/01/02 15:14:52.164 [HOST] <138:Status,All>9F
2020/01/02 15:14:52.167 [HOST] <138:Ack,0>41
2020/01/02 15:14:52.170 [HOST] <138:Res,0,Present:1,Placed:1,Clamp:0,Dock:0,Open:0,CDA:2,Vacuum:2,24V:1,PDORaised:1,PDODocked:1,DoorLatch:1,DoorChucked:0,MapMechanismSafe:0,CrashBeam:0,SafetyFrame:0,HomingRequired:0,FNozzlesState:0,RNozzlesState:0,ENozzlesState:0,PurgeState:0,FPurge:0,RPurge:0,FlowAlarmState:0,O2Interlockstate:0,DoorEncoderPos:000.000>C8
2020/01/02 15:14:53.166 [HOST] <139:Status,All>A0
2020/01/02 15:14:53.169 [HOST] <139:Ack,0>42
2020/01/02 15:14:53.172 [HOST] <139:Res,0,Present:1,Placed:1,Clamp:0,Dock:0,Open:0,CDA:2,Vacuum:2,24V:1,PDORaised:1,PDODocked:1,DoorLatch:1,DoorChucked:0,MapMechanismSafe:0,CrashBeam:0,SafetyFrame:0,HomingRequired:0,FNozzlesState:0,RNozzlesState:0,ENozzlesState:0,PurgeState:0,FPurge:0,RPurge:0,FlowAlarmState:0,O2Interlockstate:0,DoorEncoderPos:000.000>C9
2020/01/02 15:14:54.166 [HOST] <140:Status,All>98
2020/01/02 15:14:54.169 [HOST] <140:Ack,0>3A
2020/01/02 15:14:54.172 [HOST] <140:Res,0,Present:1,Placed:1,Clamp:0,Dock:0,Open:0,CDA:2,Vacuum:2,24V:1,PDORaised:1,PDODocked:1,DoorLatch:1,DoorChucked:0,MapMechanismSafe:0,CrashBeam:0,SafetyFrame:0,HomingRequired:0,FNozzlesState:0,RNozzlesState:0,ENozzlesState:0,PurgeState:0,FPurge:0,RPurge:0,FlowAlarmState:0,O2Interlockstate:0,DoorEncoderPos:000.000>C1
2020/01/02 15:14:55.168 [HOST] <141:Status,All>99
2020/01/02 15:14:55.171 [HOST] <141:Ack,0>3B
2020/01/02 15:14:55.174 [HOST] <141:Res,0,Present:1,Placed:1,Clamp:0,Dock:0,Open:0,CDA:2,Vacuum:2,24V:1,PDORaised:1,PDODocked:1,DoorLatch:1,DoorChucked:0,MapMechanismSafe:0,CrashBeam:0,SafetyFrame:0,HomingRequired:0,FNozzlesState:0,RNozzlesState:0,ENozzlesState:0,PurgeState:0,FPurge:0,RPurge:0,FlowAlarmState:0,O2Interlockstate:0,DoorEncoderPos:000.000>C2
2020/01/02 15:14:56.171 [HOST] <142:Status,All>9A
2020/01/02 15:14:56.174 [HOST] <142:Ack,0>3C
2020/01/02 15:14:56.178 [HOST] <142:Res,0,Present:1,Placed:1,Clamp:0,Dock:0,Open:0,CDA:2,Vacuum:2,24V:1,PDORaised:1,PDODocked:1,DoorLatch:1,DoorChucked:0,MapMechanismSafe:0,CrashBeam:0,SafetyFrame:0,HomingRequired:0,FNozzlesState:0,RNozzlesState:0,ENozzlesState:0,PurgeState:0,FPurge:0,RPurge:0,FlowAlarmState:0,O2Interlockstate:0,DoorEncoderPos:000.000>C3
2020/01/02 15:14:57.171 [HOST] <143:Status,All>9B
2020/01/02 15:14:57.174 [HOST] <143:Ack,0>3D
2020/01/02 15:14:57.177 [HOST] <143:Res,0,Present:1,Placed:1,Clamp:0,Dock:0,Open:0,CDA:2,Vacuum:2,24V:1,PDORaised:1,PDODocked:1,DoorLatch:1,DoorChucked:0,MapMechanismSafe:0,CrashBeam:0,SafetyFrame:0,HomingRequired:0,FNozzlesState:0,RNozzlesState:0,ENozzlesState:0,PurgeState:0,FPurge:0,RPurge:0,FlowAlarmState:0,O2Interlockstate:0,DoorEncoderPos:000.000>C4
2020/01/02 15:14:58.173 [HOST] <144:Status,All>9C
2020/01/02 15:14:58.176 [HOST] <144:Ack,0>3E
2020/01/02 15:14:58.179 [HOST] <144:Res,0,Present:1,Placed:1,Clamp:0,Dock:0,Open:0,CDA:2,Vacuum:2,24V:1,PDORaised:1,PDODocked:1,DoorLatch:1,DoorChucked:0,MapMechanismSafe:0,CrashBeam:0,SafetyFrame:0,HomingRequired:0,FNozzlesState:0,RNozzlesState:0,ENozzlesState:0,PurgeState:0,FPurge:0,RPurge:0,FlowAlarmState:0,O2Interlockstate:0,DoorEncoderPos:000.000>C5
2020/01/02 15:14:59.175 [HOST] <145:Status,All>9D
2020/01/02 15:14:59.178 [HOST] <145:Ack,0>3F
2020/01/02 15:14:59.181 [HOST] <145:Res,0,Present:1,Placed:1,Clamp:0,Dock:0,Open:0,CDA:2,Vacuum:2,24V:1,PDORaised:1,PDODocked:1,DoorLatch:1,DoorChucked:0,MapMechanismSafe:0,CrashBeam:0,SafetyFrame:0,HomingRequired:0,FNozzlesState:0,RNozzlesState:0,ENozzlesState:0,PurgeState:0,FPurge:0,RPurge:0,FlowAlarmState:0,O2Interlockstate:0,DoorEncoderPos:000.000>C6
2020/01/02 15:15:00.176 [HOST] <146:Status,All>9E
2020/01/02 15:15:00.179 [HOST] <146:Ack,0>40
2020/01/02 15:15:00.182 [HOST] <146:Res,0,Present:1,Placed:1,Clamp:0,Dock:0,Open:0,CDA:2,Vacuum:2,24V:1,PDORaised:1,PDODocked:1,DoorLatch:1,DoorChucked:0,MapMechanismSafe:0,CrashBeam:0,SafetyFrame:0,HomingRequired:0,FNozzlesState:0,RNozzlesState:0,ENozzlesState:0,PurgeState:0,FPurge:0,RPurge:0,FlowAlarmState:0,O2Interlockstate:0,DoorEncoderPos:000.000>C7
2020/01/02 15:15:01.176 [HOST] <147:Status,All>9F
2020/01/02 15:15:01.179 [HOST] <147:Ack,0>41
2020/01/02 15:15:01.182 [HOST] <147:Res,0,Present:1,Placed:1,Clamp:0,Dock:0,Open:0,CDA:2,Vacuum:2,24V:1,PDORaised:1,PDODocked:1,DoorLatch:1,DoorChucked:0,MapMechanismSafe:0,CrashBeam:0,SafetyFrame:0,HomingRequired:0,FNozzlesState:0,RNozzlesState:0,ENozzlesState:0,PurgeState:0,FPurge:0,RPurge:0,FlowAlarmState:0,O2Interlockstate:0,DoorEncoderPos:000.000>C8
2020/01/02 15:15:02.177 [HOST] <148:Status,All>A0
2020/01/02 15:15:02.180 [HOST] <148:Ack,0>42
2020/01/02 15:15:02.183 [HOST] <148:Res,0,Present:1,Placed:1,Clamp:0,Dock:0,Open:0,CDA:2,Vacuum:2,24V:1,PDORaised:1,PDODocked:1,DoorLatch:1,DoorChucked:0,MapMechanismSafe:0,CrashBeam:0,SafetyFrame:0,HomingRequired:0,FNozzlesState:0,RNozzlesState:0,ENozzlesState:0,PurgeState:0,FPurge:0,RPurge:0,FlowAlarmState:0,O2Interlockstate:0,DoorEncoderPos:000.000>C9
2020/01/02 15:15:03.181 [HOST] <149:Status,All>A1
2020/01/02 15:15:03.185 [HOST] <149:Ack,0>43
2020/01/02 15:15:03.188 [HOST] <149:Res,0,Present:1,Placed:1,Clamp:0,Dock:0,Open:0,CDA:2,Vacuum:2,24V:1,PDORaised:1,PDODocked:1,DoorLatch:1,DoorChucked:0,MapMechanismSafe:0,CrashBeam:0,SafetyFrame:0,HomingRequired:0,FNozzlesState:0,RNozzlesState:0,ENozzlesState:0,PurgeState:0,FPurge:0,RPurge:0,FlowAlarmState:0,O2Interlockstate:0,DoorEncoderPos:000.000>CA
2020/01/02 15:15:04.183 [HOST] <150:Status,All>99
2020/01/02 15:15:04.187 [HOST] <150:Ack,0>3B
2020/01/02 15:15:04.190 [HOST] <150:Res,0,Present:1,Placed:1,Clamp:0,Dock:0,Open:0,CDA:2,Vacuum:2,24V:1,PDORaised:1,PDODocked:1,DoorLatch:1,DoorChucked:0,MapMechanismSafe:0,CrashBeam:0,SafetyFrame:0,HomingRequired:0,FNozzlesState:0,RNozzlesState:0,ENozzlesState:0,PurgeState:0,FPurge:0,RPurge:0,FlowAlarmState:0,O2Interlockstate:0,DoorEncoderPos:000.000>C2
2020/01/02 15:15:05.184 [HOST] <151:Status,All>9A
2020/01/02 15:15:05.187 [HOST] <151:Ack,0>3C
2020/01/02 15:15:05.190 [HOST] <151:Res,0,Present:1,Placed:1,Clamp:0,Dock:0,Open:0,CDA:2,Vacuum:2,24V:1,PDORaised:1,PDODocked:1,DoorLatch:1,DoorChucked:0,MapMechanismSafe:0,CrashBeam:0,SafetyFrame:0,HomingRequired:0,FNozzlesState:0,RNozzlesState:0,ENozzlesState:0,PurgeState:0,FPurge:0,RPurge:0,FlowAlarmState:0,O2Interlockstate:0,DoorEncoderPos:000.000>C3
2020/01/02 15:15:06.185 [HOST] <152:Status,All>9B
2020/01/02 15:15:06.188 [HOST] <152:Ack,0>3D
2020/01/02 15:15:06.191 [HOST] <152:Res,0,Present:1,Placed:1,Clamp:0,Dock:0,Open:0,CDA:2,Vacuum:2,24V:1,PDORaised:1,PDODocked:1,DoorLatch:1,DoorChucked:0,MapMechanismSafe:0,CrashBeam:0,SafetyFrame:0,HomingRequired:0,FNozzlesState:0,RNozzlesState:0,ENozzlesState:0,PurgeState:0,FPurge:0,RPurge:0,FlowAlarmState:0,O2Interlockstate:0,DoorEncoderPos:000.000>C4
2020/01/02 15:15:07.185 [HOST] <153:Status,All>9C
2020/01/02 15:15:07.188 [HOST] <153:Ack,0>3E
2020/01/02 15:15:07.191 [HOST] <153:Res,0,Present:1,Placed:1,Clamp:0,Dock:0,Open:0,CDA:2,Vacuum:2,24V:1,PDORaised:1,PDODocked:1,DoorLatch:1,DoorChucked:0,MapMechanismSafe:0,CrashBeam:0,SafetyFrame:0,HomingRequired:0,FNozzlesState:0,RNozzlesState:0,ENozzlesState:0,PurgeState:0,FPurge:0,RPurge:0,FlowAlarmState:0,O2Interlockstate:0,DoorEncoderPos:000.000>C5
2020/01/02 15:15:08.187 [HOST] <154:Status,All>9D
2020/01/02 15:15:08.190 [HOST] <154:Ack,0>3F
2020/01/02 15:15:08.194 [HOST] <154:Res,0,Present:1,Placed:1,Clamp:0,Dock:0,Open:0,CDA:2,Vacuum:2,24V:1,PDORaised:1,PDODocked:1,DoorLatch:1,DoorChucked:0,MapMechanismSafe:0,CrashBeam:0,SafetyFrame:0,HomingRequired:0,FNozzlesState:0,RNozzlesState:0,ENozzlesState:0,PurgeState:0,FPurge:0,RPurge:0,FlowAlarmState:0,O2Interlockstate:0,DoorEncoderPos:000.000>C6
2020/01/02 15:15:09.188 [HOST] <155:Status,All>9E
2020/01/02 15:15:09.191 [HOST] <155:Ack,0>40
2020/01/02 15:15:09.194 [HOST] <155:Res,0,Present:1,Placed:1,Clamp:0,Dock:0,Open:0,CDA:2,Vacuum:2,24V:1,PDORaised:1,PDODocked:1,DoorLatch:1,DoorChucked:0,MapMechanismSafe:0,CrashBeam:0,SafetyFrame:0,HomingRequired:0,FNozzlesState:0,RNozzlesState:0,ENozzlesState:0,PurgeState:0,FPurge:0,RPurge:0,FlowAlarmState:0,O2Interlockstate:0,DoorEncoderPos:000.000>C7
2020/01/02 15:15:10.192 [HOST] <156:Status,All>9F
2020/01/02 15:15:10.195 [HOST] <156:Ack,0>41
2020/01/02 15:15:10.199 [HOST] <156:Res,0,Present:1,Placed:1,Clamp:0,Dock:0,Open:0,CDA:2,Vacuum:2,24V:1,PDORaised:1,PDODocked:1,DoorLatch:1,DoorChucked:0,MapMechanismSafe:0,CrashBeam:0,SafetyFrame:0,HomingRequired:0,FNozzlesState:0,RNozzlesState:0,ENozzlesState:0,PurgeState:0,FPurge:0,RPurge:0,FlowAlarmState:0,O2Interlockstate:0,DoorEncoderPos:000.000>C8
2020/01/02 15:15:11.192 [HOST] <157:Status,All>A0
2020/01/02 15:15:11.195 [HOST] <157:Ack,0>42
2020/01/02 15:15:11.198 [HOST] <157:Res,0,Present:1,Placed:1,Clamp:0,Dock:0,Open:0,CDA:2,Vacuum:2,24V:1,PDORaised:1,PDODocked:1,DoorLatch:1,DoorChucked:0,MapMechanismSafe:0,CrashBeam:0,SafetyFrame:0,HomingRequired:0,FNozzlesState:0,RNozzlesState:0,ENozzlesState:0,PurgeState:0,FPurge:0,RPurge:0,FlowAlarmState:0,O2Interlockstate:0,DoorEncoderPos:000.000>C9
2020/01/02 15:15:12.195 [HOST] <158:Status,All>A1
2020/01/02 15:15:12.198 [HOST] <158:Ack,0>43
2020/01/02 15:15:12.201 [HOST] <158:Res,0,Present:1,Placed:1,Clamp:0,Dock:0,Open:0,CDA:2,Vacuum:2,24V:1,PDORaised:1,PDODocked:1,DoorLatch:1,DoorChucked:0,MapMechanismSafe:0,CrashBeam:0,SafetyFrame:0,HomingRequired:0,FNozzlesState:0,RNozzlesState:0,ENozzlesState:0,PurgeState:0,FPurge:0,RPurge:0,FlowAlarmState:0,O2Interlockstate:0,DoorEncoderPos:000.000>CA
2020/01/02 15:15:13.195 [HOST] <159:Status,All>A2
2020/01/02 15:15:13.198 [HOST] <159:Ack,0>44
2020/01/02 15:15:13.201 [HOST] <159:Res,0,Present:1,Placed:1,Clamp:0,Dock:0,Open:0,CDA:2,Vacuum:2,24V:1,PDORaised:1,PDODocked:1,DoorLatch:1,DoorChucked:0,MapMechanismSafe:0,CrashBeam:0,SafetyFrame:0,HomingRequired:0,FNozzlesState:0,RNozzlesState:0,ENozzlesState:0,PurgeState:0,FPurge:0,RPurge:0,FlowAlarmState:0,O2Interlockstate:0,DoorEncoderPos:000.000>CB
2020/01/02 15:15:14.196 [HOST] <160:Status,All>9A
2020/01/02 15:15:14.199 [HOST] <160:Ack,0>3C
2020/01/02 15:15:14.202 [HOST] <160:Res,0,Present:1,Placed:1,Clamp:0,Dock:0,Open:0,CDA:2,Vacuum:2,24V:1,PDORaised:1,PDODocked:1,DoorLatch:1,DoorChucked:0,MapMechanismSafe:0,CrashBeam:0,SafetyFrame:0,HomingRequired:0,FNozzlesState:0,RNozzlesState:0,ENozzlesState:0,PurgeState:0,FPurge:0,RPurge:0,FlowAlarmState:0,O2Interlockstate:0,DoorEncoderPos:000.000>C3
2020/01/02 15:15:15.198 [HOST] <161:Status,All>9B
2020/01/02 15:15:15.201 [HOST] <161:Ack,0>3D
2020/01/02 15:15:15.204 [HOST] <161:Res,0,Present:1,Placed:1,Clamp:0,Dock:0,Open:0,CDA:2,Vacuum:2,24V:1,PDORaised:1,PDODocked:1,DoorLatch:1,DoorChucked:0,MapMechanismSafe:0,CrashBeam:0,SafetyFrame:0,HomingRequired:0,FNozzlesState:0,RNozzlesState:0,ENozzlesState:0,PurgeState:0,FPurge:0,RPurge:0,FlowAlarmState:0,O2Interlockstate:0,DoorEncoderPos:000.000>C4
2020/01/02 15:15:16.201 [HOST] <162:Status,All>9C
2020/01/02 15:15:16.204 [HOST] <162:Ack,0>3E
2020/01/02 15:15:16.208 [HOST] <162:Res,0,Present:1,Placed:1,Clamp:0,Dock:0,Open:0,CDA:2,Vacuum:2,24V:1,PDORaised:1,PDODocked:1,DoorLatch:1,DoorChucked:0,MapMechanismSafe:0,CrashBeam:0,SafetyFrame:0,HomingRequired:0,FNozzlesState:0,RNozzlesState:0,ENozzlesState:0,PurgeState:0,FPurge:0,RPurge:0,FlowAlarmState:0,O2Interlockstate:0,DoorEncoderPos:000.000>C5
2020/01/02 15:15:17.200 [HOST] <163:Status,All>9D
2020/01/02 15:15:17.203 [HOST] <163:Ack,0>3F
2020/01/02 15:15:17.206 [HOST] <163:Res,0,Present:1,Placed:1,Clamp:0,Dock:0,Open:0,CDA:2,Vacuum:2,24V:1,PDORaised:1,PDODocked:1,DoorLatch:1,DoorChucked:0,MapMechanismSafe:0,CrashBeam:0,SafetyFrame:0,HomingRequired:0,FNozzlesState:0,RNozzlesState:0,ENozzlesState:0,PurgeState:0,FPurge:0,RPurge:0,FlowAlarmState:0,O2Interlockstate:0,DoorEncoderPos:000.000>C6
2020/01/02 15:15:18.202 [HOST] <164:Status,All>9E
2020/01/02 15:15:18.205 [HOST] <164:Ack,0>40
2020/01/02 15:15:18.208 [HOST] <164:Res,0,Present:1,Placed:1,Clamp:0,Dock:0,Open:0,CDA:2,Vacuum:2,24V:1,PDORaised:1,PDODocked:1,DoorLatch:1,DoorChucked:0,MapMechanismSafe:0,CrashBeam:0,SafetyFrame:0,HomingRequired:0,FNozzlesState:0,RNozzlesState:0,ENozzlesState:0,PurgeState:0,FPurge:0,RPurge:0,FlowAlarmState:0,O2Interlockstate:0,DoorEncoderPos:000.000>C7
2020/01/02 15:15:19.203 [HOST] <165:Status,All>9F
2020/01/02 15:15:19.206 [HOST] <165:Ack,0>41
2020/01/02 15:15:19.209 [HOST] <165:Res,0,Present:1,Placed:1,Clamp:0,Dock:0,Open:0,CDA:2,Vacuum:2,24V:1,PDORaised:1,PDODocked:1,DoorLatch:1,DoorChucked:0,MapMechanismSafe:0,CrashBeam:0,SafetyFrame:0,HomingRequired:0,FNozzlesState:0,RNozzlesState:0,ENozzlesState:0,PurgeState:0,FPurge:0,RPurge:0,FlowAlarmState:0,O2Interlockstate:0,DoorEncoderPos:000.000>C8
2020/01/02 15:15:20.207 [HOST] <166:Status,All>A0
2020/01/02 15:15:20.210 [HOST] <166:Ack,0>42
2020/01/02 15:15:20.213 [HOST] <166:Res,0,Present:1,Placed:1,Clamp:0,Dock:0,Open:0,CDA:2,Vacuum:2,24V:1,PDORaised:1,PDODocked:1,DoorLatch:1,DoorChucked:0,MapMechanismSafe:0,CrashBeam:0,SafetyFrame:0,HomingRequired:0,FNozzlesState:0,RNozzlesState:0,ENozzlesState:0,PurgeState:0,FPurge:0,RPurge:0,FlowAlarmState:0,O2Interlockstate:0,DoorEncoderPos:000.000>C9
2020/01/02 15:15:21.206 [HOST] <167:Status,All>A1
2020/01/02 15:15:21.209 [HOST] <167:Ack,0>43
2020/01/02 15:15:21.212 [HOST] <167:Res,0,Present:1,Placed:1,Clamp:0,Dock:0,Open:0,CDA:2,Vacuum:2,24V:1,PDORaised:1,PDODocked:1,DoorLatch:1,DoorChucked:0,MapMechanismSafe:0,CrashBeam:0,SafetyFrame:0,HomingRequired:0,FNozzlesState:0,RNozzlesState:0,ENozzlesState:0,PurgeState:0,FPurge:0,RPurge:0,FlowAlarmState:0,O2Interlockstate:0,DoorEncoderPos:000.000>CA
2020/01/02 15:15:22.210 [HOST] <168:Status,All>A2
2020/01/02 15:15:22.213 [HOST] <168:Ack,0>44
2020/01/02 15:15:22.216 [HOST] <168:Res,0,Present:1,Placed:1,Clamp:0,Dock:0,Open:0,CDA:2,Vacuum:2,24V:1,PDORaised:1,PDODocked:1,DoorLatch:1,DoorChucked:0,MapMechanismSafe:0,CrashBeam:0,SafetyFrame:0,HomingRequired:0,FNozzlesState:0,RNozzlesState:0,ENozzlesState:0,PurgeState:0,FPurge:0,RPurge:0,FlowAlarmState:0,O2Interlockstate:0,DoorEncoderPos:000.000>CB
2020/01/02 15:15:23.210 [HOST] <169:Status,All>A3
2020/01/02 15:15:23.213 [HOST] <169:Ack,0>45
2020/01/02 15:15:23.217 [HOST] <169:Res,0,Present:1,Placed:1,Clamp:0,Dock:0,Open:0,CDA:2,Vacuum:2,24V:1,PDORaised:1,PDODocked:1,DoorLatch:1,DoorChucked:0,MapMechanismSafe:0,CrashBeam:0,SafetyFrame:0,HomingRequired:0,FNozzlesState:0,RNozzlesState:0,ENozzlesState:0,PurgeState:0,FPurge:0,RPurge:0,FlowAlarmState:0,O2Interlockstate:0,DoorEncoderPos:000.000>CC
2020/01/02 15:15:24.211 [HOST] <170:Status,All>9B
2020/01/02 15:15:24.214 [HOST] <170:Ack,0>3D
2020/01/02 15:15:24.217 [HOST] <170:Res,0,Present:1,Placed:1,Clamp:0,Dock:0,Open:0,CDA:2,Vacuum:2,24V:1,PDORaised:1,PDODocked:1,DoorLatch:1,DoorChucked:0,MapMechanismSafe:0,CrashBeam:0,SafetyFrame:0,HomingRequired:0,FNozzlesState:0,RNozzlesState:0,ENozzlesState:0,PurgeState:0,FPurge:0,RPurge:0,FlowAlarmState:0,O2Interlockstate:0,DoorEncoderPos:000.000>C4
2020/01/02 15:15:25.214 [HOST] <171:Status,All>9C
2020/01/02 15:15:25.217 [HOST] <171:Ack,0>3E
2020/01/02 15:15:25.220 [HOST] <171:Res,0,Present:1,Placed:1,Clamp:0,Dock:0,Open:0,CDA:2,Vacuum:2,24V:1,PDORaised:1,PDODocked:1,DoorLatch:1,DoorChucked:0,MapMechanismSafe:0,CrashBeam:0,SafetyFrame:0,HomingRequired:0,FNozzlesState:0,RNozzlesState:0,ENozzlesState:0,PurgeState:0,FPurge:0,RPurge:0,FlowAlarmState:0,O2Interlockstate:0,DoorEncoderPos:000.000>C5
2020/01/02 15:15:26.214 [HOST] <172:Status,All>9D
2020/01/02 15:15:26.217 [HOST] <172:Ack,0>3F
2020/01/02 15:15:26.220 [HOST] <172:Res,0,Present:1,Placed:1,Clamp:0,Dock:0,Open:0,CDA:2,Vacuum:2,24V:1,PDORaised:1,PDODocked:1,DoorLatch:1,DoorChucked:0,MapMechanismSafe:0,CrashBeam:0,SafetyFrame:0,HomingRequired:0,FNozzlesState:0,RNozzlesState:0,ENozzlesState:0,PurgeState:0,FPurge:0,RPurge:0,FlowAlarmState:0,O2Interlockstate:0,DoorEncoderPos:000.000>C6
2020/01/02 15:15:27.217 [HOST] <173:Status,All>9E
2020/01/02 15:15:27.220 [HOST] <173:Ack,0>40
2020/01/02 15:15:27.223 [HOST] <173:Res,0,Present:1,Placed:1,Clamp:0,Dock:0,Open:0,CDA:2,Vacuum:2,24V:1,PDORaised:1,PDODocked:1,DoorLatch:1,DoorChucked:0,MapMechanismSafe:0,CrashBeam:0,SafetyFrame:0,HomingRequired:0,FNozzlesState:0,RNozzlesState:0,ENozzlesState:0,PurgeState:0,FPurge:0,RPurge:0,FlowAlarmState:0,O2Interlockstate:0,DoorEncoderPos:000.000>C7
2020/01/02 15:15:28.218 [HOST] <174:Status,All>9F
2020/01/02 15:15:28.221 [HOST] <174:Ack,0>41
2020/01/02 15:15:28.224 [HOST] <174:Res,0,Present:1,Placed:1,Clamp:0,Dock:0,Open:0,CDA:2,Vacuum:2,24V:1,PDORaised:1,PDODocked:1,DoorLatch:1,DoorChucked:0,MapMechanismSafe:0,CrashBeam:0,SafetyFrame:0,HomingRequired:0,FNozzlesState:0,RNozzlesState:0,ENozzlesState:0,PurgeState:0,FPurge:0,RPurge:0,FlowAlarmState:0,O2Interlockstate:0,DoorEncoderPos:000.000>C8
2020/01/02 15:15:29.218 [HOST] <175:Status,All>A0
2020/01/02 15:15:29.221 [HOST] <175:Ack,0>42
2020/01/02 15:15:29.224 [HOST] <175:Res,0,Present:1,Placed:1,Clamp:0,Dock:0,Open:0,CDA:2,Vacuum:2,24V:1,PDORaised:1,PDODocked:1,DoorLatch:1,DoorChucked:0,MapMechanismSafe:0,CrashBeam:0,SafetyFrame:0,HomingRequired:0,FNozzlesState:0,RNozzlesState:0,ENozzlesState:0,PurgeState:0,FPurge:0,RPurge:0,FlowAlarmState:0,O2Interlockstate:0,DoorEncoderPos:000.000>C9
2020/01/02 15:15:30.222 [HOST] <176:Status,All>A1
2020/01/02 15:15:30.225 [HOST] <176:Ack,0>43
2020/01/02 15:15:30.228 [HOST] <176:Res,0,Present:1,Placed:1,Clamp:0,Dock:0,Open:0,CDA:2,Vacuum:2,24V:1,PDORaised:1,PDODocked:1,DoorLatch:1,DoorChucked:0,MapMechanismSafe:0,CrashBeam:0,SafetyFrame:0,HomingRequired:0,FNozzlesState:0,RNozzlesState:0,ENozzlesState:0,PurgeState:0,FPurge:0,RPurge:0,FlowAlarmState:0,O2Interlockstate:0,DoorEncoderPos:000.000>CA
2020/01/02 15:15:31.220 [HOST] <177:Status,All>A2
2020/01/02 15:15:31.223 [HOST] <177:Ack,0>44
2020/01/02 15:15:31.226 [HOST] <177:Res,0,Present:1,Placed:1,Clamp:0,Dock:0,Open:0,CDA:2,Vacuum:2,24V:1,PDORaised:1,PDODocked:1,DoorLatch:1,DoorChucked:0,MapMechanismSafe:0,CrashBeam:0,SafetyFrame:0,HomingRequired:0,FNozzlesState:0,RNozzlesState:0,ENozzlesState:0,PurgeState:0,FPurge:0,RPurge:0,FlowAlarmState:0,O2Interlockstate:0,DoorEncoderPos:000.000>CB
2020/01/02 15:15:32.223 [HOST] <178:Status,All>A3
2020/01/02 15:15:32.226 [HOST] <178:Ack,0>45
2020/01/02 15:15:32.230 [HOST] <178:Res,0,Present:1,Placed:1,Clamp:0,Dock:0,Open:0,CDA:2,Vacuum:2,24V:1,PDORaised:1,PDODocked:1,DoorLatch:1,DoorChucked:0,MapMechanismSafe:0,CrashBeam:0,SafetyFrame:0,HomingRequired:0,FNozzlesState:0,RNozzlesState:0,ENozzlesState:0,PurgeState:0,FPurge:0,RPurge:0,FlowAlarmState:0,O2Interlockstate:0,DoorEncoderPos:000.000>CC
2020/01/02 15:15:33.225 [HOST] <179:Status,All>A4
2020/01/02 15:15:33.228 [HOST] <179:Ack,0>46
2020/01/02 15:15:33.231 [HOST] <179:Res,0,Present:1,Placed:1,Clamp:0,Dock:0,Open:0,CDA:2,Vacuum:2,24V:1,PDORaised:1,PDODocked:1,DoorLatch:1,DoorChucked:0,MapMechanismSafe:0,CrashBeam:0,SafetyFrame:0,HomingRequired:0,FNozzlesState:0,RNozzlesState:0,ENozzlesState:0,PurgeState:0,FPurge:0,RPurge:0,FlowAlarmState:0,O2Interlockstate:0,DoorEncoderPos:000.000>CD
2020/01/02 15:15:34.226 [HOST] <180:Status,All>9C
2020/01/02 15:15:34.229 [HOST] <180:Ack,0>3E
2020/01/02 15:15:34.232 [HOST] <180:Res,0,Present:1,Placed:1,Clamp:0,Dock:0,Open:0,CDA:2,Vacuum:2,24V:1,PDORaised:1,PDODocked:1,DoorLatch:1,DoorChucked:0,MapMechanismSafe:0,CrashBeam:0,SafetyFrame:0,HomingRequired:0,FNozzlesState:0,RNozzlesState:0,ENozzlesState:0,PurgeState:0,FPurge:0,RPurge:0,FlowAlarmState:0,O2Interlockstate:0,DoorEncoderPos:000.000>C5
2020/01/02 15:15:35.228 [HOST] <181:Status,All>9D
2020/01/02 15:15:35.231 [HOST] <181:Ack,0>3F
2020/01/02 15:15:35.234 [HOST] <181:Res,0,Present:1,Placed:1,Clamp:0,Dock:0,Open:0,CDA:2,Vacuum:2,24V:1,PDORaised:1,PDODocked:1,DoorLatch:1,DoorChucked:0,MapMechanismSafe:0,CrashBeam:0,SafetyFrame:0,HomingRequired:0,FNozzlesState:0,RNozzlesState:0,ENozzlesState:0,PurgeState:0,FPurge:0,RPurge:0,FlowAlarmState:0,O2Interlockstate:0,DoorEncoderPos:000.000>C6
2020/01/02 15:15:36.229 [HOST] <182:Status,All>9E
2020/01/02 15:15:36.232 [HOST] <182:Ack,0>40
2020/01/02 15:15:36.235 [HOST] <182:Res,0,Present:1,Placed:1,Clamp:0,Dock:0,Open:0,CDA:2,Vacuum:2,24V:1,PDORaised:1,PDODocked:1,DoorLatch:1,DoorChucked:0,MapMechanismSafe:0,CrashBeam:0,SafetyFrame:0,HomingRequired:0,FNozzlesState:0,RNozzlesState:0,ENozzlesState:0,PurgeState:0,FPurge:0,RPurge:0,FlowAlarmState:0,O2Interlockstate:0,DoorEncoderPos:000.000>C7
2020/01/02 15:15:37.231 [HOST] <183:Status,All>9F
2020/01/02 15:15:37.234 [HOST] <183:Ack,0>41
2020/01/02 15:15:37.237 [HOST] <183:Res,0,Present:1,Placed:1,Clamp:0,Dock:0,Open:0,CDA:2,Vacuum:2,24V:1,PDORaised:1,PDODocked:1,DoorLatch:1,DoorChucked:0,MapMechanismSafe:0,CrashBeam:0,SafetyFrame:0,HomingRequired:0,FNozzlesState:0,RNozzlesState:0,ENozzlesState:0,PurgeState:0,FPurge:0,RPurge:0,FlowAlarmState:0,O2Interlockstate:0,DoorEncoderPos:000.000>C8
2020/01/02 15:15:38.232 [HOST] <184:Status,All>A0
2020/01/02 15:15:38.235 [HOST] <184:Ack,0>42
2020/01/02 15:15:38.238 [HOST] <184:Res,0,Present:1,Placed:1,Clamp:0,Dock:0,Open:0,CDA:2,Vacuum:2,24V:1,PDORaised:1,PDODocked:1,DoorLatch:1,DoorChucked:0,MapMechanismSafe:0,CrashBeam:0,SafetyFrame:0,HomingRequired:0,FNozzlesState:0,RNozzlesState:0,ENozzlesState:0,PurgeState:0,FPurge:0,RPurge:0,FlowAlarmState:0,O2Interlockstate:0,DoorEncoderPos:000.000>C9
2020/01/02 15:15:39.236 [HOST] <185:Status,All>A1
2020/01/02 15:15:39.239 [HOST] <185:Ack,0>43
2020/01/02 15:15:39.242 [HOST] <185:Res,0,Present:1,Placed:1,Clamp:0,Dock:0,Open:0,CDA:2,Vacuum:2,24V:1,PDORaised:1,PDODocked:1,DoorLatch:1,DoorChucked:0,MapMechanismSafe:0,CrashBeam:0,SafetyFrame:0,HomingRequired:0,FNozzlesState:0,RNozzlesState:0,ENozzlesState:0,PurgeState:0,FPurge:0,RPurge:0,FlowAlarmState:0,O2Interlockstate:0,DoorEncoderPos:000.000>CA
2020/01/02 15:15:40.240 [HOST] <186:Status,All>A2
2020/01/02 15:15:40.243 [HOST] <186:Ack,0>44
2020/01/02 15:15:40.246 [HOST] <186:Res,0,Present:1,Placed:1,Clamp:0,Dock:0,Open:0,CDA:2,Vacuum:2,24V:1,PDORaised:1,PDODocked:1,DoorLatch:1,DoorChucked:0,MapMechanismSafe:0,CrashBeam:0,SafetyFrame:0,HomingRequired:0,FNozzlesState:0,RNozzlesState:0,ENozzlesState:0,PurgeState:0,FPurge:0,RPurge:0,FlowAlarmState:0,O2Interlockstate:0,DoorEncoderPos:000.000>CB
2020/01/02 15:15:41.243 [HOST] <187:Status,All>A3
2020/01/02 15:15:41.246 [HOST] <187:Ack,0>45
2020/01/02 15:15:41.249 [HOST] <187:Res,0,Present:1,Placed:1,Clamp:0,Dock:0,Open:0,CDA:2,Vacuum:2,24V:1,PDORaised:1,PDODocked:1,DoorLatch:1,DoorChucked:0,MapMechanismSafe:0,CrashBeam:0,SafetyFrame:0,HomingRequired:0,FNozzlesState:0,RNozzlesState:0,ENozzlesState:0,PurgeState:0,FPurge:0,RPurge:0,FlowAlarmState:0,O2Interlockstate:0,DoorEncoderPos:000.000>CC
2020/01/02 15:15:42.244 [HOST] <188:Status,All>A4
2020/01/02 15:15:42.247 [HOST] <188:Ack,0>46
2020/01/02 15:15:42.250 [HOST] <188:Res,0,Present:1,Placed:1,Clamp:0,Dock:0,Open:0,CDA:2,Vacuum:2,24V:1,PDORaised:1,PDODocked:1,DoorLatch:1,DoorChucked:0,MapMechanismSafe:0,CrashBeam:0,SafetyFrame:0,HomingRequired:0,FNozzlesState:0,RNozzlesState:0,ENozzlesState:0,PurgeState:0,FPurge:0,RPurge:0,FlowAlarmState:0,O2Interlockstate:0,DoorEncoderPos:000.000>CD
2020/01/02 15:15:43.245 [HOST] <189:Status,All>A5
2020/01/02 15:15:43.248 [HOST] <189:Ack,0>47
2020/01/02 15:15:43.251 [HOST] <189:Res,0,Present:1,Placed:1,Clamp:0,Dock:0,Open:0,CDA:2,Vacuum:2,24V:1,PDORaised:1,PDODocked:1,DoorLatch:1,DoorChucked:0,MapMechanismSafe:0,CrashBeam:0,SafetyFrame:0,HomingRequired:0,FNozzlesState:0,RNozzlesState:0,ENozzlesState:0,PurgeState:0,FPurge:0,RPurge:0,FlowAlarmState:0,O2Interlockstate:0,DoorEncoderPos:000.000>CE
2020/01/02 15:15:44.247 [HOST] <190:Status,All>9D
2020/01/02 15:15:44.250 [HOST] <190:Ack,0>3F
2020/01/02 15:15:44.253 [HOST] <190:Res,0,Present:1,Placed:1,Clamp:0,Dock:0,Open:0,CDA:2,Vacuum:2,24V:1,PDORaised:1,PDODocked:1,DoorLatch:1,DoorChucked:0,MapMechanismSafe:0,CrashBeam:0,SafetyFrame:0,HomingRequired:0,FNozzlesState:0,RNozzlesState:0,ENozzlesState:0,PurgeState:0,FPurge:0,RPurge:0,FlowAlarmState:0,O2Interlockstate:0,DoorEncoderPos:000.000>C6
2020/01/02 15:15:45.250 [HOST] <191:Status,All>9E
2020/01/02 15:15:45.253 [HOST] <191:Ack,0>40
2020/01/02 15:15:45.256 [HOST] <191:Res,0,Present:1,Placed:1,Clamp:0,Dock:0,Open:0,CDA:2,Vacuum:2,24V:1,PDORaised:1,PDODocked:1,DoorLatch:1,DoorChucked:0,MapMechanismSafe:0,CrashBeam:0,SafetyFrame:0,HomingRequired:0,FNozzlesState:0,RNozzlesState:0,ENozzlesState:0,PurgeState:0,FPurge:0,RPurge:0,FlowAlarmState:0,O2Interlockstate:0,DoorEncoderPos:000.000>C7
2020/01/02 15:15:46.250 [HOST] <192:Status,All>9F
2020/01/02 15:15:46.253 [HOST] <192:Ack,0>41
2020/01/02 15:15:46.256 [HOST] <192:Res,0,Present:1,Placed:1,Clamp:0,Dock:0,Open:0,CDA:2,Vacuum:2,24V:1,PDORaised:1,PDODocked:1,DoorLatch:1,DoorChucked:0,MapMechanismSafe:0,CrashBeam:0,SafetyFrame:0,HomingRequired:0,FNozzlesState:0,RNozzlesState:0,ENozzlesState:0,PurgeState:0,FPurge:0,RPurge:0,FlowAlarmState:0,O2Interlockstate:0,DoorEncoderPos:000.000>C8
2020/01/02 15:15:47.252 [HOST] <193:Status,All>A0
2020/01/02 15:15:47.255 [HOST] <193:Ack,0>42
2020/01/02 15:15:47.258 [HOST] <193:Res,0,Present:1,Placed:1,Clamp:0,Dock:0,Open:0,CDA:2,Vacuum:2,24V:1,PDORaised:1,PDODocked:1,DoorLatch:1,DoorChucked:0,MapMechanismSafe:0,CrashBeam:0,SafetyFrame:0,HomingRequired:0,FNozzlesState:0,RNozzlesState:0,ENozzlesState:0,PurgeState:0,FPurge:0,RPurge:0,FlowAlarmState:0,O2Interlockstate:0,DoorEncoderPos:000.000>C9
2020/01/02 15:15:48.253 [HOST] <194:Status,All>A1
2020/01/02 15:15:48.256 [HOST] <194:Ack,0>43
2020/01/02 15:15:48.259 [HOST] <194:Res,0,Present:1,Placed:1,Clamp:0,Dock:0,Open:0,CDA:2,Vacuum:2,24V:1,PDORaised:1,PDODocked:1,DoorLatch:1,DoorChucked:0,MapMechanismSafe:0,CrashBeam:0,SafetyFrame:0,HomingRequired:0,FNozzlesState:0,RNozzlesState:0,ENozzlesState:0,PurgeState:0,FPurge:0,RPurge:0,FlowAlarmState:0,O2Interlockstate:0,DoorEncoderPos:000.000>CA
2020/01/02 15:15:49.255 [HOST] <195:Status,All>A2
2020/01/02 15:15:49.258 [HOST] <195:Ack,0>44
2020/01/02 15:15:49.261 [HOST] <195:Res,0,Present:1,Placed:1,Clamp:0,Dock:0,Open:0,CDA:2,Vacuum:2,24V:1,PDORaised:1,PDODocked:1,DoorLatch:1,DoorChucked:0,MapMechanismSafe:0,CrashBeam:0,SafetyFrame:0,HomingRequired:0,FNozzlesState:0,RNozzlesState:0,ENozzlesState:0,PurgeState:0,FPurge:0,RPurge:0,FlowAlarmState:0,O2Interlockstate:0,DoorEncoderPos:000.000>CB
2020/01/02 15:15:50.257 [HOST] <196:Status,All>A3
2020/01/02 15:15:50.260 [HOST] <196:Ack,0>45
2020/01/02 15:15:50.263 [HOST] <196:Res,0,Present:1,Placed:1,Clamp:0,Dock:0,Open:0,CDA:2,Vacuum:2,24V:1,PDORaised:1,PDODocked:1,DoorLatch:1,DoorChucked:0,MapMechanismSafe:0,CrashBeam:0,SafetyFrame:0,HomingRequired:0,FNozzlesState:0,RNozzlesState:0,ENozzlesState:0,PurgeState:0,FPurge:0,RPurge:0,FlowAlarmState:0,O2Interlockstate:0,DoorEncoderPos:000.000>CC
2020/01/02 15:15:51.258 [HOST] <197:Status,All>A4
2020/01/02 15:15:51.261 [HOST] <197:Ack,0>46
2020/01/02 15:15:51.264 [HOST] <197:Res,0,Present:1,Placed:1,Clamp:0,Dock:0,Open:0,CDA:2,Vacuum:2,24V:1,PDORaised:1,PDODocked:1,DoorLatch:1,DoorChucked:0,MapMechanismSafe:0,CrashBeam:0,SafetyFrame:0,HomingRequired:0,FNozzlesState:0,RNozzlesState:0,ENozzlesState:0,PurgeState:0,FPurge:0,RPurge:0,FlowAlarmState:0,O2Interlockstate:0,DoorEncoderPos:000.000>CD
2020/01/02 15:15:52.259 [HOST] <198:Status,All>A5
2020/01/02 15:15:52.262 [HOST] <198:Ack,0>47
2020/01/02 15:15:52.265 [HOST] <198:Res,0,Present:1,Placed:1,Clamp:0,Dock:0,Open:0,CDA:2,Vacuum:2,24V:1,PDORaised:1,PDODocked:1,DoorLatch:1,DoorChucked:0,MapMechanismSafe:0,CrashBeam:0,SafetyFrame:0,HomingRequired:0,FNozzlesState:0,RNozzlesState:0,ENozzlesState:0,PurgeState:0,FPurge:0,RPurge:0,FlowAlarmState:0,O2Interlockstate:0,DoorEncoderPos:000.000>CE
2020/01/02 15:15:53.260 [HOST] <199:Status,All>A6
2020/01/02 15:15:53.263 [HOST] <199:Ack,0>48
2020/01/02 15:15:53.266 [HOST] <199:Res,0,Present:1,Placed:1,Clamp:0,Dock:0,Open:0,CDA:2,Vacuum:2,24V:1,PDORaised:1,PDODocked:1,DoorLatch:1,DoorChucked:0,MapMechanismSafe:0,CrashBeam:0,SafetyFrame:0,HomingRequired:0,FNozzlesState:0,RNozzlesState:0,ENozzlesState:0,PurgeState:0,FPurge:0,RPurge:0,FlowAlarmState:0,O2Interlockstate:0,DoorEncoderPos:000.000>CF
2020/01/02 15:15:54.262 [HOST] <200:Status,All>95
2020/01/02 15:15:54.265 [HOST] <200:Ack,0>37
2020/01/02 15:15:54.269 [HOST] <200:Res,0,Present:1,Placed:1,Clamp:0,Dock:0,Open:0,CDA:2,Vacuum:2,24V:1,PDORaised:1,PDODocked:1,DoorLatch:1,DoorChucked:0,MapMechanismSafe:0,CrashBeam:0,SafetyFrame:0,HomingRequired:0,FNozzlesState:0,RNozzlesState:0,ENozzlesState:0,PurgeState:0,FPurge:0,RPurge:0,FlowAlarmState:0,O2Interlockstate:0,DoorEncoderPos:000.000>BE
2020/01/02 15:15:55.264 [HOST] <201:Status,All>96
2020/01/02 15:15:55.267 [HOST] <201:Ack,0>38
2020/01/02 15:15:55.270 [HOST] <201:Res,0,Present:1,Placed:1,Clamp:0,Dock:0,Open:0,CDA:2,Vacuum:2,24V:1,PDORaised:1,PDODocked:1,DoorLatch:1,DoorChucked:0,MapMechanismSafe:0,CrashBeam:0,SafetyFrame:0,HomingRequired:0,FNozzlesState:0,RNozzlesState:0,ENozzlesState:0,PurgeState:0,FPurge:0,RPurge:0,FlowAlarmState:0,O2Interlockstate:0,DoorEncoderPos:000.000>BF
2020/01/02 15:15:56.266 [HOST] <202:Status,All>97
2020/01/02 15:15:56.269 [HOST] <202:Ack,0>39
2020/01/02 15:15:56.272 [HOST] <202:Res,0,Present:1,Placed:1,Clamp:0,Dock:0,Open:0,CDA:2,Vacuum:2,24V:1,PDORaised:1,PDODocked:1,DoorLatch:1,DoorChucked:0,MapMechanismSafe:0,CrashBeam:0,SafetyFrame:0,HomingRequired:0,FNozzlesState:0,RNozzlesState:0,ENozzlesState:0,PurgeState:0,FPurge:0,RPurge:0,FlowAlarmState:0,O2Interlockstate:0,DoorEncoderPos:000.000>C0
2020/01/02 15:15:57.267 [HOST] <203:Status,All>98
2020/01/02 15:15:57.270 [HOST] <203:Ack,0>3A
2020/01/02 15:15:57.273 [HOST] <203:Res,0,Present:1,Placed:1,Clamp:0,Dock:0,Open:0,CDA:2,Vacuum:2,24V:1,PDORaised:1,PDODocked:1,DoorLatch:1,DoorChucked:0,MapMechanismSafe:0,CrashBeam:0,SafetyFrame:0,HomingRequired:0,FNozzlesState:0,RNozzlesState:0,ENozzlesState:0,PurgeState:0,FPurge:0,RPurge:0,FlowAlarmState:0,O2Interlockstate:0,DoorEncoderPos:000.000>C1
2020/01/02 15:15:58.268 [HOST] <204:Status,All>99
2020/01/02 15:15:58.271 [HOST] <204:Ack,0>3B
2020/01/02 15:15:58.274 [HOST] <204:Res,0,Present:1,Placed:1,Clamp:0,Dock:0,Open:0,CDA:2,Vacuum:2,24V:1,PDORaised:1,PDODocked:1,DoorLatch:1,DoorChucked:0,MapMechanismSafe:0,CrashBeam:0,SafetyFrame:0,HomingRequired:0,FNozzlesState:0,RNozzlesState:0,ENozzlesState:0,PurgeState:0,FPurge:0,RPurge:0,FlowAlarmState:0,O2Interlockstate:0,DoorEncoderPos:000.000>C2
2020/01/02 15:15:59.270 [HOST] <205:Status,All>9A
2020/01/02 15:15:59.273 [HOST] <205:Ack,0>3C
2020/01/02 15:15:59.276 [HOST] <205:Res,0,Present:1,Placed:1,Clamp:0,Dock:0,Open:0,CDA:2,Vacuum:2,24V:1,PDORaised:1,PDODocked:1,DoorLatch:1,DoorChucked:0,MapMechanismSafe:0,CrashBeam:0,SafetyFrame:0,HomingRequired:0,FNozzlesState:0,RNozzlesState:0,ENozzlesState:0,PurgeState:0,FPurge:0,RPurge:0,FlowAlarmState:0,O2Interlockstate:0,DoorEncoderPos:000.000>C3
2020/01/02 15:16:00.269 [HOST] <206:Status,All>9B
2020/01/02 15:16:00.272 [HOST] <206:Ack,0>3D
2020/01/02 15:16:00.275 [HOST] <206:Res,0,Present:1,Placed:1,Clamp:0,Dock:0,Open:0,CDA:2,Vacuum:2,24V:1,PDORaised:1,PDODocked:1,DoorLatch:1,DoorChucked:0,MapMechanismSafe:0,CrashBeam:0,SafetyFrame:0,HomingRequired:0,FNozzlesState:0,RNozzlesState:0,ENozzlesState:0,PurgeState:0,FPurge:0,RPurge:0,FlowAlarmState:0,O2Interlockstate:0,DoorEncoderPos:000.000>C4
2020/01/02 15:16:01.274 [HOST] <207:Status,All>9C
2020/01/02 15:16:01.277 [HOST] <207:Ack,0>3E
2020/01/02 15:16:01.280 [HOST] <207:Res,0,Present:1,Placed:1,Clamp:0,Dock:0,Open:0,CDA:2,Vacuum:2,24V:1,PDORaised:1,PDODocked:1,DoorLatch:1,DoorChucked:0,MapMechanismSafe:0,CrashBeam:0,SafetyFrame:0,HomingRequired:0,FNozzlesState:0,RNozzlesState:0,ENozzlesState:0,PurgeState:0,FPurge:0,RPurge:0,FlowAlarmState:0,O2Interlockstate:0,DoorEncoderPos:000.000>C5
2020/01/02 15:16:02.273 [HOST] <208:Status,All>9D
2020/01/02 15:16:02.276 [HOST] <208:Ack,0>3F
2020/01/02 15:16:02.279 [HOST] <208:Res,0,Present:1,Placed:1,Clamp:0,Dock:0,Open:0,CDA:2,Vacuum:2,24V:1,PDORaised:1,PDODocked:1,DoorLatch:1,DoorChucked:0,MapMechanismSafe:0,CrashBeam:0,SafetyFrame:0,HomingRequired:0,FNozzlesState:0,RNozzlesState:0,ENozzlesState:0,PurgeState:0,FPurge:0,RPurge:0,FlowAlarmState:0,O2Interlockstate:0,DoorEncoderPos:000.000>C6
2020/01/02 15:16:03.276 [HOST] <209:Status,All>9E
2020/01/02 15:16:03.279 [HOST] <209:Ack,0>40
2020/01/02 15:16:03.282 [HOST] <209:Res,0,Present:1,Placed:1,Clamp:0,Dock:0,Open:0,CDA:2,Vacuum:2,24V:1,PDORaised:1,PDODocked:1,DoorLatch:1,DoorChucked:0,MapMechanismSafe:0,CrashBeam:0,SafetyFrame:0,HomingRequired:0,FNozzlesState:0,RNozzlesState:0,ENozzlesState:0,PurgeState:0,FPurge:0,RPurge:0,FlowAlarmState:0,O2Interlockstate:0,DoorEncoderPos:000.000>C7
2020/01/02 15:16:04.278 [HOST] <210:Status,All>96
2020/01/02 15:16:04.281 [HOST] <210:Ack,0>38
2020/01/02 15:16:04.284 [HOST] <210:Res,0,Present:1,Placed:1,Clamp:0,Dock:0,Open:0,CDA:2,Vacuum:2,24V:1,PDORaised:1,PDODocked:1,DoorLatch:1,DoorChucked:0,MapMechanismSafe:0,CrashBeam:0,SafetyFrame:0,HomingRequired:0,FNozzlesState:0,RNozzlesState:0,ENozzlesState:0,PurgeState:0,FPurge:0,RPurge:0,FlowAlarmState:0,O2Interlockstate:0,DoorEncoderPos:000.000>BF
2020/01/02 15:16:05.279 [HOST] <211:Status,All>97
2020/01/02 15:16:05.282 [HOST] <211:Ack,0>39
2020/01/02 15:16:05.285 [HOST] <211:Res,0,Present:1,Placed:1,Clamp:0,Dock:0,Open:0,CDA:2,Vacuum:2,24V:1,PDORaised:1,PDODocked:1,DoorLatch:1,DoorChucked:0,MapMechanismSafe:0,CrashBeam:0,SafetyFrame:0,HomingRequired:0,FNozzlesState:0,RNozzlesState:0,ENozzlesState:0,PurgeState:0,FPurge:0,RPurge:0,FlowAlarmState:0,O2Interlockstate:0,DoorEncoderPos:000.000>C0
2020/01/02 15:16:06.280 [HOST] <212:Status,All>98
2020/01/02 15:16:06.283 [HOST] <212:Ack,0>3A
2020/01/02 15:16:06.286 [HOST] <212:Res,0,Present:1,Placed:1,Clamp:0,Dock:0,Open:0,CDA:2,Vacuum:2,24V:1,PDORaised:1,PDODocked:1,DoorLatch:1,DoorChucked:0,MapMechanismSafe:0,CrashBeam:0,SafetyFrame:0,HomingRequired:0,FNozzlesState:0,RNozzlesState:0,ENozzlesState:0,PurgeState:0,FPurge:0,RPurge:0,FlowAlarmState:0,O2Interlockstate:0,DoorEncoderPos:000.000>C1
2020/01/02 15:16:07.282 [HOST] <213:Status,All>99
2020/01/02 15:16:07.285 [HOST] <213:Ack,0>3B
2020/01/02 15:16:07.288 [HOST] <213:Res,0,Present:1,Placed:1,Clamp:0,Dock:0,Open:0,CDA:2,Vacuum:2,24V:1,PDORaised:1,PDODocked:1,DoorLatch:1,DoorChucked:0,MapMechanismSafe:0,CrashBeam:0,SafetyFrame:0,HomingRequired:0,FNozzlesState:0,RNozzlesState:0,ENozzlesState:0,PurgeState:0,FPurge:0,RPurge:0,FlowAlarmState:0,O2Interlockstate:0,DoorEncoderPos:000.000>C2
2020/01/02 15:16:08.283 [HOST] <214:Status,All>9A
2020/01/02 15:16:08.286 [HOST] <214:Ack,0>3C
2020/01/02 15:16:08.289 [HOST] <214:Res,0,Present:1,Placed:1,Clamp:0,Dock:0,Open:0,CDA:2,Vacuum:2,24V:1,PDORaised:1,PDODocked:1,DoorLatch:1,DoorChucked:0,MapMechanismSafe:0,CrashBeam:0,SafetyFrame:0,HomingRequired:0,FNozzlesState:0,RNozzlesState:0,ENozzlesState:0,PurgeState:0,FPurge:0,RPurge:0,FlowAlarmState:0,O2Interlockstate:0,DoorEncoderPos:000.000>C3
2020/01/02 15:16:09.285 [HOST] <215:Status,All>9B
2020/01/02 15:16:09.288 [HOST] <215:Ack,0>3D
2020/01/02 15:16:09.292 [HOST] <215:Res,0,Present:1,Placed:1,Clamp:0,Dock:0,Open:0,CDA:2,Vacuum:2,24V:1,PDORaised:1,PDODocked:1,DoorLatch:1,DoorChucked:0,MapMechanismSafe:0,CrashBeam:0,SafetyFrame:0,HomingRequired:0,FNozzlesState:0,RNozzlesState:0,ENozzlesState:0,PurgeState:0,FPurge:0,RPurge:0,FlowAlarmState:0,O2Interlockstate:0,DoorEncoderPos:000.000>C4
2020/01/02 15:16:10.287 [HOST] <216:Status,All>9C
2020/01/02 15:16:10.290 [HOST] <216:Ack,0>3E
2020/01/02 15:16:10.293 [HOST] <216:Res,0,Present:1,Placed:1,Clamp:0,Dock:0,Open:0,CDA:2,Vacuum:2,24V:1,PDORaised:1,PDODocked:1,DoorLatch:1,DoorChucked:0,MapMechanismSafe:0,CrashBeam:0,SafetyFrame:0,HomingRequired:0,FNozzlesState:0,RNozzlesState:0,ENozzlesState:0,PurgeState:0,FPurge:0,RPurge:0,FlowAlarmState:0,O2Interlockstate:0,DoorEncoderPos:000.000>C5
2020/01/02 15:16:11.288 [HOST] <217:Status,All>9D
2020/01/02 15:16:11.291 [HOST] <217:Ack,0>3F
2020/01/02 15:16:11.294 [HOST] <217:Res,0,Present:1,Placed:1,Clamp:0,Dock:0,Open:0,CDA:2,Vacuum:2,24V:1,PDORaised:1,PDODocked:1,DoorLatch:1,DoorChucked:0,MapMechanismSafe:0,CrashBeam:0,SafetyFrame:0,HomingRequired:0,FNozzlesState:0,RNozzlesState:0,ENozzlesState:0,PurgeState:0,FPurge:0,RPurge:0,FlowAlarmState:0,O2Interlockstate:0,DoorEncoderPos:000.000>C6
2020/01/02 15:16:12.290 [HOST] <218:Status,All>9E
2020/01/02 15:16:12.293 [HOST] <218:Ack,0>40
2020/01/02 15:16:12.296 [HOST] <218:Res,0,Present:1,Placed:1,Clamp:0,Dock:0,Open:0,CDA:2,Vacuum:2,24V:1,PDORaised:1,PDODocked:1,DoorLatch:1,DoorChucked:0,MapMechanismSafe:0,CrashBeam:0,SafetyFrame:0,HomingRequired:0,FNozzlesState:0,RNozzlesState:0,ENozzlesState:0,PurgeState:0,FPurge:0,RPurge:0,FlowAlarmState:0,O2Interlockstate:0,DoorEncoderPos:000.000>C7
2020/01/02 15:16:13.290 [HOST] <219:Status,All>9F
2020/01/02 15:16:13.293 [HOST] <219:Ack,0>41
2020/01/02 15:16:13.296 [HOST] <219:Res,0,Present:1,Placed:1,Clamp:0,Dock:0,Open:0,CDA:2,Vacuum:2,24V:1,PDORaised:1,PDODocked:1,DoorLatch:1,DoorChucked:0,MapMechanismSafe:0,CrashBeam:0,SafetyFrame:0,HomingRequired:0,FNozzlesState:0,RNozzlesState:0,ENozzlesState:0,PurgeState:0,FPurge:0,RPurge:0,FlowAlarmState:0,O2Interlockstate:0,DoorEncoderPos:000.000>C8
2020/01/02 15:16:14.291 [HOST] <220:Status,All>97
2020/01/02 15:16:14.294 [HOST] <220:Ack,0>39
2020/01/02 15:16:14.297 [HOST] <220:Res,0,Present:1,Placed:1,Clamp:0,Dock:0,Open:0,CDA:2,Vacuum:2,24V:1,PDORaised:1,PDODocked:1,DoorLatch:1,DoorChucked:0,MapMechanismSafe:0,CrashBeam:0,SafetyFrame:0,HomingRequired:0,FNozzlesState:0,RNozzlesState:0,ENozzlesState:0,PurgeState:0,FPurge:0,RPurge:0,FlowAlarmState:0,O2Interlockstate:0,DoorEncoderPos:000.000>C0
2020/01/02 15:16:15.293 [HOST] <221:Status,All>98
2020/01/02 15:16:15.296 [HOST] <221:Ack,0>3A
2020/01/02 15:16:15.299 [HOST] <221:Res,0,Present:1,Placed:1,Clamp:0,Dock:0,Open:0,CDA:2,Vacuum:2,24V:1,PDORaised:1,PDODocked:1,DoorLatch:1,DoorChucked:0,MapMechanismSafe:0,CrashBeam:0,SafetyFrame:0,HomingRequired:0,FNozzlesState:0,RNozzlesState:0,ENozzlesState:0,PurgeState:0,FPurge:0,RPurge:0,FlowAlarmState:0,O2Interlockstate:0,DoorEncoderPos:000.000>C1
2020/01/02 15:16:16.296 [HOST] <222:Status,All>99
2020/01/02 15:16:16.300 [HOST] <222:Ack,0>3B
2020/01/02 15:16:16.303 [HOST] <222:Res,0,Present:1,Placed:1,Clamp:0,Dock:0,Open:0,CDA:2,Vacuum:2,24V:1,PDORaised:1,PDODocked:1,DoorLatch:1,DoorChucked:0,MapMechanismSafe:0,CrashBeam:0,SafetyFrame:0,HomingRequired:0,FNozzlesState:0,RNozzlesState:0,ENozzlesState:0,PurgeState:0,FPurge:0,RPurge:0,FlowAlarmState:0,O2Interlockstate:0,DoorEncoderPos:000.000>C2
2020/01/02 15:16:17.294 [HOST] <223:Status,All>9A
2020/01/02 15:16:17.297 [HOST] <223:Ack,0>3C
2020/01/02 15:16:17.300 [HOST] <223:Res,0,Present:1,Placed:1,Clamp:0,Dock:0,Open:0,CDA:2,Vacuum:2,24V:1,PDORaised:1,PDODocked:1,DoorLatch:1,DoorChucked:0,MapMechanismSafe:0,CrashBeam:0,SafetyFrame:0,HomingRequired:0,FNozzlesState:0,RNozzlesState:0,ENozzlesState:0,PurgeState:0,FPurge:0,RPurge:0,FlowAlarmState:0,O2Interlockstate:0,DoorEncoderPos:000.000>C3
2020/01/02 15:16:18.296 [HOST] <224:Status,All>9B
2020/01/02 15:16:18.299 [HOST] <224:Ack,0>3D
2020/01/02 15:16:18.302 [HOST] <224:Res,0,Present:1,Placed:1,Clamp:0,Dock:0,Open:0,CDA:2,Vacuum:2,24V:1,PDORaised:1,PDODocked:1,DoorLatch:1,DoorChucked:0,MapMechanismSafe:0,CrashBeam:0,SafetyFrame:0,HomingRequired:0,FNozzlesState:0,RNozzlesState:0,ENozzlesState:0,PurgeState:0,FPurge:0,RPurge:0,FlowAlarmState:0,O2Interlockstate:0,DoorEncoderPos:000.000>C4
2020/01/02 15:16:19.300 [HOST] <225:Status,All>9C
2020/01/02 15:16:19.303 [HOST] <225:Ack,0>3E
2020/01/02 15:16:19.306 [HOST] <225:Res,0,Present:1,Placed:1,Clamp:0,Dock:0,Open:0,CDA:2,Vacuum:2,24V:1,PDORaised:1,PDODocked:1,DoorLatch:1,DoorChucked:0,MapMechanismSafe:0,CrashBeam:0,SafetyFrame:0,HomingRequired:0,FNozzlesState:0,RNozzlesState:0,ENozzlesState:0,PurgeState:0,FPurge:0,RPurge:0,FlowAlarmState:0,O2Interlockstate:0,DoorEncoderPos:000.000>C5
2020/01/02 15:16:20.300 [HOST] <226:Status,All>9D
2020/01/02 15:16:20.303 [HOST] <226:Ack,0>3F
2020/01/02 15:16:20.306 [HOST] <226:Res,0,Present:1,Placed:1,Clamp:0,Dock:0,Open:0,CDA:2,Vacuum:2,24V:1,PDORaised:1,PDODocked:1,DoorLatch:1,DoorChucked:0,MapMechanismSafe:0,CrashBeam:0,SafetyFrame:0,HomingRequired:0,FNozzlesState:0,RNozzlesState:0,ENozzlesState:0,PurgeState:0,FPurge:0,RPurge:0,FlowAlarmState:0,O2Interlockstate:0,DoorEncoderPos:000.000>C6
2020/01/02 15:16:21.302 [HOST] <227:Status,All>9E
2020/01/02 15:16:21.305 [HOST] <227:Ack,0>40
2020/01/02 15:16:21.308 [HOST] <227:Res,0,Present:1,Placed:1,Clamp:0,Dock:0,Open:0,CDA:2,Vacuum:2,24V:1,PDORaised:1,PDODocked:1,DoorLatch:1,DoorChucked:0,MapMechanismSafe:0,CrashBeam:0,SafetyFrame:0,HomingRequired:0,FNozzlesState:0,RNozzlesState:0,ENozzlesState:0,PurgeState:0,FPurge:0,RPurge:0,FlowAlarmState:0,O2Interlockstate:0,DoorEncoderPos:000.000>C7
2020/01/02 15:16:22.304 [HOST] <228:Status,All>9F
2020/01/02 15:16:22.307 [HOST] <228:Ack,0>41
2020/01/02 15:16:22.310 [HOST] <228:Res,0,Present:1,Placed:1,Clamp:0,Dock:0,Open:0,CDA:2,Vacuum:2,24V:1,PDORaised:1,PDODocked:1,DoorLatch:1,DoorChucked:0,MapMechanismSafe:0,CrashBeam:0,SafetyFrame:0,HomingRequired:0,FNozzlesState:0,RNozzlesState:0,ENozzlesState:0,PurgeState:0,FPurge:0,RPurge:0,FlowAlarmState:0,O2Interlockstate:0,DoorEncoderPos:000.000>C8
2020/01/02 15:16:23.306 [HOST] <229:Status,All>A0
2020/01/02 15:16:23.310 [HOST] <229:Ack,0>42
2020/01/02 15:16:23.313 [HOST] <229:Res,0,Present:1,Placed:1,Clamp:0,Dock:0,Open:0,CDA:2,Vacuum:2,24V:1,PDORaised:1,PDODocked:1,DoorLatch:1,DoorChucked:0,MapMechanismSafe:0,CrashBeam:0,SafetyFrame:0,HomingRequired:0,FNozzlesState:0,RNozzlesState:0,ENozzlesState:0,PurgeState:0,FPurge:0,RPurge:0,FlowAlarmState:0,O2Interlockstate:0,DoorEncoderPos:000.000>C9
2020/01/02 15:16:24.305 [HOST] <230:Status,All>98
2020/01/02 15:16:24.308 [HOST] <230:Ack,0>3A
2020/01/02 15:16:24.311 [HOST] <230:Res,0,Present:1,Placed:1,Clamp:0,Dock:0,Open:0,CDA:2,Vacuum:2,24V:1,PDORaised:1,PDODocked:1,DoorLatch:1,DoorChucked:0,MapMechanismSafe:0,CrashBeam:0,SafetyFrame:0,HomingRequired:0,FNozzlesState:0,RNozzlesState:0,ENozzlesState:0,PurgeState:0,FPurge:0,RPurge:0,FlowAlarmState:0,O2Interlockstate:0,DoorEncoderPos:000.000>C1
2020/01/02 15:16:25.307 [HOST] <231:Status,All>99
2020/01/02 15:16:25.310 [HOST] <231:Ack,0>3B
2020/01/02 15:16:25.313 [HOST] <231:Res,0,Present:1,Placed:1,Clamp:0,Dock:0,Open:0,CDA:2,Vacuum:2,24V:1,PDORaised:1,PDODocked:1,DoorLatch:1,DoorChucked:0,MapMechanismSafe:0,CrashBeam:0,SafetyFrame:0,HomingRequired:0,FNozzlesState:0,RNozzlesState:0,ENozzlesState:0,PurgeState:0,FPurge:0,RPurge:0,FlowAlarmState:0,O2Interlockstate:0,DoorEncoderPos:000.000>C2
2020/01/02 15:16:26.309 [HOST] <232:Status,All>9A
2020/01/02 15:16:26.312 [HOST] <232:Ack,0>3C
2020/01/02 15:16:26.315 [HOST] <232:Res,0,Present:1,Placed:1,Clamp:0,Dock:0,Open:0,CDA:2,Vacuum:2,24V:1,PDORaised:1,PDODocked:1,DoorLatch:1,DoorChucked:0,MapMechanismSafe:0,CrashBeam:0,SafetyFrame:0,HomingRequired:0,FNozzlesState:0,RNozzlesState:0,ENozzlesState:0,PurgeState:0,FPurge:0,RPurge:0,FlowAlarmState:0,O2Interlockstate:0,DoorEncoderPos:000.000>C3
2020/01/02 15:16:27.313 [HOST] <233:Status,All>9B
2020/01/02 15:16:27.316 [HOST] <233:Ack,0>3D
2020/01/02 15:16:27.319 [HOST] <233:Res,0,Present:1,Placed:1,Clamp:0,Dock:0,Open:0,CDA:2,Vacuum:2,24V:1,PDORaised:1,PDODocked:1,DoorLatch:1,DoorChucked:0,MapMechanismSafe:0,CrashBeam:0,SafetyFrame:0,HomingRequired:0,FNozzlesState:0,RNozzlesState:0,ENozzlesState:0,PurgeState:0,FPurge:0,RPurge:0,FlowAlarmState:0,O2Interlockstate:0,DoorEncoderPos:000.000>C4
2020/01/02 15:16:28.312 [HOST] <234:Status,All>9C
2020/01/02 15:16:28.315 [HOST] <234:Ack,0>3E
2020/01/02 15:16:28.318 [HOST] <234:Res,0,Present:1,Placed:1,Clamp:0,Dock:0,Open:0,CDA:2,Vacuum:2,24V:1,PDORaised:1,PDODocked:1,DoorLatch:1,DoorChucked:0,MapMechanismSafe:0,CrashBeam:0,SafetyFrame:0,HomingRequired:0,FNozzlesState:0,RNozzlesState:0,ENozzlesState:0,PurgeState:0,FPurge:0,RPurge:0,FlowAlarmState:0,O2Interlockstate:0,DoorEncoderPos:000.000>C5
2020/01/02 15:16:29.315 [HOST] <235:Status,All>9D
2020/01/02 15:16:29.318 [HOST] <235:Ack,0>3F
2020/01/02 15:16:29.321 [HOST] <235:Res,0,Present:1,Placed:1,Clamp:0,Dock:0,Open:0,CDA:2,Vacuum:2,24V:1,PDORaised:1,PDODocked:1,DoorLatch:1,DoorChucked:0,MapMechanismSafe:0,CrashBeam:0,SafetyFrame:0,HomingRequired:0,FNozzlesState:0,RNozzlesState:0,ENozzlesState:0,PurgeState:0,FPurge:0,RPurge:0,FlowAlarmState:0,O2Interlockstate:0,DoorEncoderPos:000.000>C6
2020/01/02 15:16:30.316 [HOST] <236:Status,All>9E
2020/01/02 15:16:30.319 [HOST] <236:Ack,0>40
2020/01/02 15:16:30.322 [HOST] <236:Res,0,Present:1,Placed:1,Clamp:0,Dock:0,Open:0,CDA:2,Vacuum:2,24V:1,PDORaised:1,PDODocked:1,DoorLatch:1,DoorChucked:0,MapMechanismSafe:0,CrashBeam:0,SafetyFrame:0,HomingRequired:0,FNozzlesState:0,RNozzlesState:0,ENozzlesState:0,PurgeState:0,FPurge:0,RPurge:0,FlowAlarmState:0,O2Interlockstate:0,DoorEncoderPos:000.000>C7
2020/01/02 15:16:31.317 [HOST] <237:Status,All>9F
2020/01/02 15:16:31.320 [HOST] <237:Ack,0>41
2020/01/02 15:16:31.323 [HOST] <237:Res,0,Present:1,Placed:1,Clamp:0,Dock:0,Open:0,CDA:2,Vacuum:2,24V:1,PDORaised:1,PDODocked:1,DoorLatch:1,DoorChucked:0,MapMechanismSafe:0,CrashBeam:0,SafetyFrame:0,HomingRequired:0,FNozzlesState:0,RNozzlesState:0,ENozzlesState:0,PurgeState:0,FPurge:0,RPurge:0,FlowAlarmState:0,O2Interlockstate:0,DoorEncoderPos:000.000>C8
2020/01/02 15:16:32.318 [HOST] <238:Status,All>A0
2020/01/02 15:16:32.321 [HOST] <238:Ack,0>42
2020/01/02 15:16:32.324 [HOST] <238:Res,0,Present:1,Placed:1,Clamp:0,Dock:0,Open:0,CDA:2,Vacuum:2,24V:1,PDORaised:1,PDODocked:1,DoorLatch:1,DoorChucked:0,MapMechanismSafe:0,CrashBeam:0,SafetyFrame:0,HomingRequired:0,FNozzlesState:0,RNozzlesState:0,ENozzlesState:0,PurgeState:0,FPurge:0,RPurge:0,FlowAlarmState:0,O2Interlockstate:0,DoorEncoderPos:000.000>C9
2020/01/02 15:16:33.319 [HOST] <239:Status,All>A1
2020/01/02 15:16:33.322 [HOST] <239:Ack,0>43
2020/01/02 15:16:33.325 [HOST] <239:Res,0,Present:1,Placed:1,Clamp:0,Dock:0,Open:0,CDA:2,Vacuum:2,24V:1,PDORaised:1,PDODocked:1,DoorLatch:1,DoorChucked:0,MapMechanismSafe:0,CrashBeam:0,SafetyFrame:0,HomingRequired:0,FNozzlesState:0,RNozzlesState:0,ENozzlesState:0,PurgeState:0,FPurge:0,RPurge:0,FlowAlarmState:0,O2Interlockstate:0,DoorEncoderPos:000.000>CA
2020/01/02 15:16:34.322 [HOST] <240:Status,All>99
2020/01/02 15:16:34.325 [HOST] <240:Ack,0>3B
2020/01/02 15:16:34.328 [HOST] <240:Res,0,Present:1,Placed:1,Clamp:0,Dock:0,Open:0,CDA:2,Vacuum:2,24V:1,PDORaised:1,PDODocked:1,DoorLatch:1,DoorChucked:0,MapMechanismSafe:0,CrashBeam:0,SafetyFrame:0,HomingRequired:0,FNozzlesState:0,RNozzlesState:0,ENozzlesState:0,PurgeState:0,FPurge:0,RPurge:0,FlowAlarmState:0,O2Interlockstate:0,DoorEncoderPos:000.000>C2
2020/01/02 15:16:35.322 [HOST] <241:Status,All>9A
2020/01/02 15:16:35.325 [HOST] <241:Ack,0>3C
2020/01/02 15:16:35.328 [HOST] <241:Res,0,Present:1,Placed:1,Clamp:0,Dock:0,Open:0,CDA:2,Vacuum:2,24V:1,PDORaised:1,PDODocked:1,DoorLatch:1,DoorChucked:0,MapMechanismSafe:0,CrashBeam:0,SafetyFrame:0,HomingRequired:0,FNozzlesState:0,RNozzlesState:0,ENozzlesState:0,PurgeState:0,FPurge:0,RPurge:0,FlowAlarmState:0,O2Interlockstate:0,DoorEncoderPos:000.000>C3
2020/01/02 15:16:36.324 [HOST] <242:Status,All>9B
2020/01/02 15:16:36.327 [HOST] <242:Ack,0>3D
2020/01/02 15:16:36.331 [HOST] <242:Res,0,Present:1,Placed:1,Clamp:0,Dock:0,Open:0,CDA:2,Vacuum:2,24V:1,PDORaised:1,PDODocked:1,DoorLatch:1,DoorChucked:0,MapMechanismSafe:0,CrashBeam:0,SafetyFrame:0,HomingRequired:0,FNozzlesState:0,RNozzlesState:0,ENozzlesState:0,PurgeState:0,FPurge:0,RPurge:0,FlowAlarmState:0,O2Interlockstate:0,DoorEncoderPos:000.000>C4
2020/01/02 15:16:37.325 [HOST] <243:Status,All>9C
2020/01/02 15:16:37.328 [HOST] <243:Ack,0>3E
2020/01/02 15:16:37.331 [HOST] <243:Res,0,Present:1,Placed:1,Clamp:0,Dock:0,Open:0,CDA:2,Vacuum:2,24V:1,PDORaised:1,PDODocked:1,DoorLatch:1,DoorChucked:0,MapMechanismSafe:0,CrashBeam:0,SafetyFrame:0,HomingRequired:0,FNozzlesState:0,RNozzlesState:0,ENozzlesState:0,PurgeState:0,FPurge:0,RPurge:0,FlowAlarmState:0,O2Interlockstate:0,DoorEncoderPos:000.000>C5
2020/01/02 15:16:38.328 [HOST] <244:Status,All>9D
2020/01/02 15:16:38.331 [HOST] <244:Ack,0>3F
2020/01/02 15:16:38.334 [HOST] <244:Res,0,Present:1,Placed:1,Clamp:0,Dock:0,Open:0,CDA:2,Vacuum:2,24V:1,PDORaised:1,PDODocked:1,DoorLatch:1,DoorChucked:0,MapMechanismSafe:0,CrashBeam:0,SafetyFrame:0,HomingRequired:0,FNozzlesState:0,RNozzlesState:0,ENozzlesState:0,PurgeState:0,FPurge:0,RPurge:0,FlowAlarmState:0,O2Interlockstate:0,DoorEncoderPos:000.000>C6
2020/01/02 15:16:39.330 [HOST] <245:Status,All>9E
2020/01/02 15:16:39.333 [HOST] <245:Ack,0>40
2020/01/02 15:16:39.336 [HOST] <245:Res,0,Present:1,Placed:1,Clamp:0,Dock:0,Open:0,CDA:2,Vacuum:2,24V:1,PDORaised:1,PDODocked:1,DoorLatch:1,DoorChucked:0,MapMechanismSafe:0,CrashBeam:0,SafetyFrame:0,HomingRequired:0,FNozzlesState:0,RNozzlesState:0,ENozzlesState:0,PurgeState:0,FPurge:0,RPurge:0,FlowAlarmState:0,O2Interlockstate:0,DoorEncoderPos:000.000>C7
2020/01/02 15:16:40.330 [HOST] <246:Status,All>9F
2020/01/02 15:16:40.333 [HOST] <246:Ack,0>41
2020/01/02 15:16:40.336 [HOST] <246:Res,0,Present:1,Placed:1,Clamp:0,Dock:0,Open:0,CDA:2,Vacuum:2,24V:1,PDORaised:1,PDODocked:1,DoorLatch:1,DoorChucked:0,MapMechanismSafe:0,CrashBeam:0,SafetyFrame:0,HomingRequired:0,FNozzlesState:0,RNozzlesState:0,ENozzlesState:0,PurgeState:0,FPurge:0,RPurge:0,FlowAlarmState:0,O2Interlockstate:0,DoorEncoderPos:000.000>C8
2020/01/02 15:16:41.331 [HOST] <247:Status,All>A0
2020/01/02 15:16:41.334 [HOST] <247:Ack,0>42
2020/01/02 15:16:41.337 [HOST] <247:Res,0,Present:1,Placed:1,Clamp:0,Dock:0,Open:0,CDA:2,Vacuum:2,24V:1,PDORaised:1,PDODocked:1,DoorLatch:1,DoorChucked:0,MapMechanismSafe:0,CrashBeam:0,SafetyFrame:0,HomingRequired:0,FNozzlesState:0,RNozzlesState:0,ENozzlesState:0,PurgeState:0,FPurge:0,RPurge:0,FlowAlarmState:0,O2Interlockstate:0,DoorEncoderPos:000.000>C9
2020/01/02 15:16:42.333 [HOST] <248:Status,All>A1
2020/01/02 15:16:42.336 [HOST] <248:Ack,0>43
2020/01/02 15:16:42.339 [HOST] <248:Res,0,Present:1,Placed:1,Clamp:0,Dock:0,Open:0,CDA:2,Vacuum:2,24V:1,PDORaised:1,PDODocked:1,DoorLatch:1,DoorChucked:0,MapMechanismSafe:0,CrashBeam:0,SafetyFrame:0,HomingRequired:0,FNozzlesState:0,RNozzlesState:0,ENozzlesState:0,PurgeState:0,FPurge:0,RPurge:0,FlowAlarmState:0,O2Interlockstate:0,DoorEncoderPos:000.000>CA
2020/01/02 15:16:43.337 [HOST] <249:Status,All>A2
2020/01/02 15:16:43.340 [HOST] <249:Ack,0>44
2020/01/02 15:16:43.343 [HOST] <249:Res,0,Present:1,Placed:1,Clamp:0,Dock:0,Open:0,CDA:2,Vacuum:2,24V:1,PDORaised:1,PDODocked:1,DoorLatch:1,DoorChucked:0,MapMechanismSafe:0,CrashBeam:0,SafetyFrame:0,HomingRequired:0,FNozzlesState:0,RNozzlesState:0,ENozzlesState:0,PurgeState:0,FPurge:0,RPurge:0,FlowAlarmState:0,O2Interlockstate:0,DoorEncoderPos:000.000>CB
2020/01/02 15:16:44.336 [HOST] <250:Status,All>9A
2020/01/02 15:16:44.339 [HOST] <250:Ack,0>3C
2020/01/02 15:16:44.342 [HOST] <250:Res,0,Present:1,Placed:1,Clamp:0,Dock:0,Open:0,CDA:2,Vacuum:2,24V:1,PDORaised:1,PDODocked:1,DoorLatch:1,DoorChucked:0,MapMechanismSafe:0,CrashBeam:0,SafetyFrame:0,HomingRequired:0,FNozzlesState:0,RNozzlesState:0,ENozzlesState:0,PurgeState:0,FPurge:0,RPurge:0,FlowAlarmState:0,O2Interlockstate:0,DoorEncoderPos:000.000>C3
2020/01/02 15:16:45.337 [HOST] <251:Status,All>9B
2020/01/02 15:16:45.340 [HOST] <251:Ack,0>3D
2020/01/02 15:16:45.343 [HOST] <251:Res,0,Present:1,Placed:1,Clamp:0,Dock:0,Open:0,CDA:2,Vacuum:2,24V:1,PDORaised:1,PDODocked:1,DoorLatch:1,DoorChucked:0,MapMechanismSafe:0,CrashBeam:0,SafetyFrame:0,HomingRequired:0,FNozzlesState:0,RNozzlesState:0,ENozzlesState:0,PurgeState:0,FPurge:0,RPurge:0,FlowAlarmState:0,O2Interlockstate:0,DoorEncoderPos:000.000>C4
2020/01/02 15:16:46.339 [HOST] <252:Status,All>9C
2020/01/02 15:16:46.342 [HOST] <252:Ack,0>3E
2020/01/02 15:16:46.345 [HOST] <252:Res,0,Present:1,Placed:1,Clamp:0,Dock:0,Open:0,CDA:2,Vacuum:2,24V:1,PDORaised:1,PDODocked:1,DoorLatch:1,DoorChucked:0,MapMechanismSafe:0,CrashBeam:0,SafetyFrame:0,HomingRequired:0,FNozzlesState:0,RNozzlesState:0,ENozzlesState:0,PurgeState:0,FPurge:0,RPurge:0,FlowAlarmState:0,O2Interlockstate:0,DoorEncoderPos:000.000>C5
2020/01/02 15:16:47.339 [HOST] <253:Status,All>9D
2020/01/02 15:16:47.342 [HOST] <253:Ack,0>3F
2020/01/02 15:16:47.345 [HOST] <253:Res,0,Present:1,Placed:1,Clamp:0,Dock:0,Open:0,CDA:2,Vacuum:2,24V:1,PDORaised:1,PDODocked:1,DoorLatch:1,DoorChucked:0,MapMechanismSafe:0,CrashBeam:0,SafetyFrame:0,HomingRequired:0,FNozzlesState:0,RNozzlesState:0,ENozzlesState:0,PurgeState:0,FPurge:0,RPurge:0,FlowAlarmState:0,O2Interlockstate:0,DoorEncoderPos:000.000>C6
2020/01/02 15:16:48.342 [HOST] <254:Status,All>9E
2020/01/02 15:16:48.345 [HOST] <254:Ack,0>40
2020/01/02 15:16:48.348 [HOST] <254:Res,0,Present:1,Placed:1,Clamp:0,Dock:0,Open:0,CDA:2,Vacuum:2,24V:1,PDORaised:1,PDODocked:1,DoorLatch:1,DoorChucked:0,MapMechanismSafe:0,CrashBeam:0,SafetyFrame:0,HomingRequired:0,FNozzlesState:0,RNozzlesState:0,ENozzlesState:0,PurgeState:0,FPurge:0,RPurge:0,FlowAlarmState:0,O2Interlockstate:0,DoorEncoderPos:000.000>C7
2020/01/02 15:16:49.344 [HOST] <255:Status,All>9F
2020/01/02 15:16:49.347 [HOST] <255:Ack,0>41
2020/01/02 15:16:49.350 [HOST] <255:Res,0,Present:1,Placed:1,Clamp:0,Dock:0,Open:0,CDA:2,Vacuum:2,24V:1,PDORaised:1,PDODocked:1,DoorLatch:1,DoorChucked:0,MapMechanismSafe:0,CrashBeam:0,SafetyFrame:0,HomingRequired:0,FNozzlesState:0,RNozzlesState:0,ENozzlesState:0,PurgeState:0,FPurge:0,RPurge:0,FlowAlarmState:0,O2Interlockstate:0,DoorEncoderPos:000.000>C8
2020/01/02 15:16:50.344 [HOST] <256:Status,All>A0
2020/01/02 15:16:50.347 [HOST] <256:Ack,0>42
2020/01/02 15:16:50.350 [HOST] <256:Res,0,Present:1,Placed:1,Clamp:0,Dock:0,Open:0,CDA:2,Vacuum:2,24V:1,PDORaised:1,PDODocked:1,DoorLatch:1,DoorChucked:0,MapMechanismSafe:0,CrashBeam:0,SafetyFrame:0,HomingRequired:0,FNozzlesState:0,RNozzlesState:0,ENozzlesState:0,PurgeState:0,FPurge:0,RPurge:0,FlowAlarmState:0,O2Interlockstate:0,DoorEncoderPos:000.000>C9
2020/01/02 15:16:51.347 [HOST] <257:Status,All>A1
2020/01/02 15:16:51.350 [HOST] <257:Ack,0>43
2020/01/02 15:16:51.353 [HOST] <257:Res,0,Present:1,Placed:1,Clamp:0,Dock:0,Open:0,CDA:2,Vacuum:2,24V:1,PDORaised:1,PDODocked:1,DoorLatch:1,DoorChucked:0,MapMechanismSafe:0,CrashBeam:0,SafetyFrame:0,HomingRequired:0,FNozzlesState:0,RNozzlesState:0,ENozzlesState:0,PurgeState:0,FPurge:0,RPurge:0,FlowAlarmState:0,O2Interlockstate:0,DoorEncoderPos:000.000>CA
2020/01/02 15:16:51.748        Start Time Synchronizing
2020/01/02 15:16:51.751        #TIME2#,2020,01,02,15,16,51,632
2020/01/02 15:16:51.632        End Time Synchronizing
2020/01/02 15:16:52.228 [HOST] <258:Status,All>A2
2020/01/02 15:16:52.231 [HOST] <258:Ack,0>44
2020/01/02 15:16:52.234 [HOST] <258:Res,0,Present:1,Placed:1,Clamp:0,Dock:0,Open:0,CDA:2,Vacuum:2,24V:1,PDORaised:1,PDODocked:1,DoorLatch:1,DoorChucked:0,MapMechanismSafe:0,CrashBeam:0,SafetyFrame:0,HomingRequired:0,FNozzlesState:0,RNozzlesState:0,ENozzlesState:0,PurgeState:0,FPurge:0,RPurge:0,FlowAlarmState:0,O2Interlockstate:0,DoorEncoderPos:000.000>CB
2020/01/02 15:16:53.231 [HOST] <259:Status,All>A3
2020/01/02 15:16:53.234 [HOST] <259:Ack,0>45
2020/01/02 15:16:53.237 [HOST] <259:Res,0,Present:1,Placed:1,Clamp:0,Dock:0,Open:0,CDA:2,Vacuum:2,24V:1,PDORaised:1,PDODocked:1,DoorLatch:1,DoorChucked:0,MapMechanismSafe:0,CrashBeam:0,SafetyFrame:0,HomingRequired:0,FNozzlesState:0,RNozzlesState:0,ENozzlesState:0,PurgeState:0,FPurge:0,RPurge:0,FlowAlarmState:0,O2Interlockstate:0,DoorEncoderPos:000.000>CC
2020/01/02 15:16:54.232 [HOST] <260:Status,All>9B
2020/01/02 15:16:54.235 [HOST] <260:Ack,0>3D
2020/01/02 15:16:54.238 [HOST] <260:Res,0,Present:1,Placed:1,Clamp:0,Dock:0,Open:0,CDA:2,Vacuum:2,24V:1,PDORaised:1,PDODocked:1,DoorLatch:1,DoorChucked:0,MapMechanismSafe:0,CrashBeam:0,SafetyFrame:0,HomingRequired:0,FNozzlesState:0,RNozzlesState:0,ENozzlesState:0,PurgeState:0,FPurge:0,RPurge:0,FlowAlarmState:0,O2Interlockstate:0,DoorEncoderPos:000.000>C4
2020/01/02 15:16:55.235 [HOST] <261:Status,All>9C
2020/01/02 15:16:55.238 [HOST] <261:Ack,0>3E
2020/01/02 15:16:55.241 [HOST] <261:Res,0,Present:1,Placed:1,Clamp:0,Dock:0,Open:0,CDA:2,Vacuum:2,24V:1,PDORaised:1,PDODocked:1,DoorLatch:1,DoorChucked:0,MapMechanismSafe:0,CrashBeam:0,SafetyFrame:0,HomingRequired:0,FNozzlesState:0,RNozzlesState:0,ENozzlesState:0,PurgeState:0,FPurge:0,RPurge:0,FlowAlarmState:0,O2Interlockstate:0,DoorEncoderPos:000.000>C5
2020/01/02 15:16:56.236 [HOST] <262:Status,All>9D
2020/01/02 15:16:56.239 [HOST] <262:Ack,0>3F
2020/01/02 15:16:56.242 [HOST] <262:Res,0,Present:1,Placed:1,Clamp:0,Dock:0,Open:0,CDA:2,Vacuum:2,24V:1,PDORaised:1,PDODocked:1,DoorLatch:1,DoorChucked:0,MapMechanismSafe:0,CrashBeam:0,SafetyFrame:0,HomingRequired:0,FNozzlesState:0,RNozzlesState:0,ENozzlesState:0,PurgeState:0,FPurge:0,RPurge:0,FlowAlarmState:0,O2Interlockstate:0,DoorEncoderPos:000.000>C6
2020/01/02 15:16:57.237 [HOST] <263:Status,All>9E
2020/01/02 15:16:57.240 [HOST] <263:Ack,0>40
2020/01/02 15:16:57.243 [HOST] <263:Res,0,Present:1,Placed:1,Clamp:0,Dock:0,Open:0,CDA:2,Vacuum:2,24V:1,PDORaised:1,PDODocked:1,DoorLatch:1,DoorChucked:0,MapMechanismSafe:0,CrashBeam:0,SafetyFrame:0,HomingRequired:0,FNozzlesState:0,RNozzlesState:0,ENozzlesState:0,PurgeState:0,FPurge:0,RPurge:0,FlowAlarmState:0,O2Interlockstate:0,DoorEncoderPos:000.000>C7
2020/01/02 15:16:58.238 [HOST] <264:Status,All>9F
2020/01/02 15:16:58.241 [HOST] <264:Ack,0>41
2020/01/02 15:16:58.244 [HOST] <264:Res,0,Present:1,Placed:1,Clamp:0,Dock:0,Open:0,CDA:2,Vacuum:2,24V:1,PDORaised:1,PDODocked:1,DoorLatch:1,DoorChucked:0,MapMechanismSafe:0,CrashBeam:0,SafetyFrame:0,HomingRequired:0,FNozzlesState:0,RNozzlesState:0,ENozzlesState:0,PurgeState:0,FPurge:0,RPurge:0,FlowAlarmState:0,O2Interlockstate:0,DoorEncoderPos:000.000>C8
2020/01/02 15:16:59.240 [HOST] <265:Status,All>A0
2020/01/02 15:16:59.243 [HOST] <265:Ack,0>42
2020/01/02 15:16:59.246 [HOST] <265:Res,0,Present:1,Placed:1,Clamp:0,Dock:0,Open:0,CDA:2,Vacuum:2,24V:1,PDORaised:1,PDODocked:1,DoorLatch:1,DoorChucked:0,MapMechanismSafe:0,CrashBeam:0,SafetyFrame:0,HomingRequired:0,FNozzlesState:0,RNozzlesState:0,ENozzlesState:0,PurgeState:0,FPurge:0,RPurge:0,FlowAlarmState:0,O2Interlockstate:0,DoorEncoderPos:000.000>C9
2020/01/02 15:17:00.241 [HOST] <266:Status,All>A1
2020/01/02 15:17:00.244 [HOST] <266:Ack,0>43
2020/01/02 15:17:00.247 [HOST] <266:Res,0,Present:1,Placed:1,Clamp:0,Dock:0,Open:0,CDA:2,Vacuum:2,24V:1,PDORaised:1,PDODocked:1,DoorLatch:1,DoorChucked:0,MapMechanismSafe:0,CrashBeam:0,SafetyFrame:0,HomingRequired:0,FNozzlesState:0,RNozzlesState:0,ENozzlesState:0,PurgeState:0,FPurge:0,RPurge:0,FlowAlarmState:0,O2Interlockstate:0,DoorEncoderPos:000.000>CA
2020/01/02 15:17:01.241 [HOST] <267:Status,All>A2
2020/01/02 15:17:01.244 [HOST] <267:Ack,0>44
2020/01/02 15:17:01.247 [HOST] <267:Res,0,Present:1,Placed:1,Clamp:0,Dock:0,Open:0,CDA:2,Vacuum:2,24V:1,PDORaised:1,PDODocked:1,DoorLatch:1,DoorChucked:0,MapMechanismSafe:0,CrashBeam:0,SafetyFrame:0,HomingRequired:0,FNozzlesState:0,RNozzlesState:0,ENozzlesState:0,PurgeState:0,FPurge:0,RPurge:0,FlowAlarmState:0,O2Interlockstate:0,DoorEncoderPos:000.000>CB
2020/01/02 15:17:02.244 [HOST] <268:Status,All>A3
2020/01/02 15:17:02.247 [HOST] <268:Ack,0>45
2020/01/02 15:17:02.251 [HOST] <268:Res,0,Present:1,Placed:1,Clamp:0,Dock:0,Open:0,CDA:2,Vacuum:2,24V:1,PDORaised:1,PDODocked:1,DoorLatch:1,DoorChucked:0,MapMechanismSafe:0,CrashBeam:0,SafetyFrame:0,HomingRequired:0,FNozzlesState:0,RNozzlesState:0,ENozzlesState:0,PurgeState:0,FPurge:0,RPurge:0,FlowAlarmState:0,O2Interlockstate:0,DoorEncoderPos:000.000>CC
2020/01/02 15:17:03.246 [HOST] <269:Status,All>A4
2020/01/02 15:17:03.250 [HOST] <269:Ack,0>46
2020/01/02 15:17:03.253 [HOST] <269:Res,0,Present:1,Placed:1,Clamp:0,Dock:0,Open:0,CDA:2,Vacuum:2,24V:1,PDORaised:1,PDODocked:1,DoorLatch:1,DoorChucked:0,MapMechanismSafe:0,CrashBeam:0,SafetyFrame:0,HomingRequired:0,FNozzlesState:0,RNozzlesState:0,ENozzlesState:0,PurgeState:0,FPurge:0,RPurge:0,FlowAlarmState:0,O2Interlockstate:0,DoorEncoderPos:000.000>CD
2020/01/02 15:17:13.246 [HOST] <0:Ping,1>55
2020/01/02 15:17:18.248        Disconnect 12002
2020/01/02 15:17:18.251        Indicator=4 5 6 2 3 11 12 7 (1 2 8)
2020/01/02 15:17:18.251        Start ALoad by TCP/IP
